50 100 18 0 0
0 0.5670950657 0.7327540535 0.8759392562 0.0186721328 1 0.08413216854 0.7836586009 0.8060151463 0 0.8425586974 0.7705723878 1 0.7750880135 0.9529061002 0.803897095 0.6597129275 1 0.5301434297 0.4793406576 
1 0.5532853786 0.847322343 0.7748416789 0.07970222887 1 0.01157979799 0.9293658619 0.8178598669 0.07256531374 1 0.9643162575 0.4604588184 0.5259359889 0.9247861755 0.7211493805 0.3333974958 1 0.4197070373 1 
2 0.5532089177 0.8613929531 0.08127236374 0.3432768702 1 0 0.992928706 0.9580730474 0 0.54075521 0.9743008506 0.4896957708 0.6556153887 0.8697907607 0.810441728 0.5016324024 0.8767487268 0.7420160575 0.7079010652 
3 0.5530290099 0.847322343 0.4854972778 0.2239454636 1 0.01157979799 0.9293658619 0.8178598669 0 1 0.9643162575 0.9543239686 0.5991358144 0.9247861755 0.7351405994 0.3882208448 0.9531379931 0.4195237481 1 
4 0.5430457771 0.8705396849 0 0.2495420077 1 0.01157979799 1 1 0.006693291228 0.8820869143 0.9395207139 0.4579716397 0.6221655035 0.9257221585 0.810441728 0.5419488626 0.7632590898 0.6198212458 0.9933877883 
5 0.5405778987 0.8806835517 0.8850973039 0 1 0.1203601096 0.9330908089 0.9807047322 0.05060003431 0.9322049142 1 0.8370174021 0.7336256901 1 0.8568507501 0.2256133385 0.9730465193 0.5340423177 0.6678897579 
6 0 1 0.3387177019 0.3406164591 0.9370981668 0.1978837487 1 0.9327340851 0 1 1 0.9225078748 0.5726298728 0.9922103207 0.6205165684 0.3333132631 1 0.9878497694 0.6431500309 
7 0.02493215144 1 0.367265671 0.3510481197 0.8638376332 0.5271238814 0.980996449 0.9618574365 0 1 0.9948007802 0.8820978245 0.5726298728 0.8759118163 0.6205165684 0.3875050878 1 0.9878497694 0.7067654731 
8 0.1054040888 0.5951559833 0.8759392562 0 1 0.08413216854 0.9034581778 0.8060151463 0.1781447131 0.8425586974 0.5623387248 1 0.7411113895 0.9529061002 0.803897095 0.6597129275 1 0.5967534477 0.4793406576 
9 0.2148525937 0.7263310996 1 0.01812066249 0.6845469155 0.03804334996 0.9909134339 0.4770329138 0.1603455647 1 1 0.06513027047 0.8035653895 1 0.728058836 0 0.9771248365 0.4019929836 0.5964300903 
10 0.501469046 0.9323718917 0 0.1991472662 1 0.01157979799 1 0.9565703262 0 0.7901969306 0.9867019246 0.4622929248 0.6221655035 0.788259167 0.6535378351 0.5438344251 0.701199564 0.6568312059 1 
11 0.2453682294 0 0 0 1 0.5156095225 0.3766908776 0.05868295227 0 0.4179195581 0.02627419378 0.8013848077 0.04335044064 0.1057492984 0.6974501918 0.5018048706 0.9495028877 0.9737454619 1 
12 0.1955447116 0.702803849 0.7861170553 0.1020627126 0.8043162619 0.6545499813 0.8403312412 0.6650738364 0.2153855045 1 1 0.7922193213 0.3509592358 1 0.5408845996 0.3090286244 1 0.7241174483 0.3063859702 
13 0.2450245649 0.01567697558 0.2232427895 0.005299277615 1 1 0.2224389938 0 0.1154393242 0.8006318686 0.03081042958 1 0.09606927624 0.713463164 0.4830231917 0 0.7828096369 0.9260409303 1 
14 0 0.8806835517 0.8828165328 0 0.9140881569 0 0.9330908089 0.9807047322 0.04530116442 0.9691263381 1 0.8328868765 0.6636881577 1 0.6906713297 0.23181754 0.9730465193 0.5336757393 0.6768803021 
15 0.2794541084 0.04862531109 0.02144861022 0 0.9594650444 0.5971154486 0.3766908776 0.08885870058 0.01238056796 0.4179195581 0.03501075078 0.6797840973 0 0 0.4250338084 0.4012970229 0.9632221184 1 1 
16 0.2093826138 0.003166665092 0.237623725 0 1 0.9111840397 0.1882415475 0.4163631391 0.02628735111 0.6805976457 0.0734962428 0.8192888413 0.04335044064 0.4633231673 0.4135382099 0.3662497438 0.9733329753 1 1 
17 0.322168587 0.0154132424 0.1790723897 0 0.9206042822 0.8582035465 0.1770333754 0.3397727434 0 0.8204388467 0 0.9210052103 0.09424287211 0.5084151364 0.4194804343 0.3860759316 0.8370336672 1 1 
18 0.08910136094 0.847322343 0.5627656956 0.3484892815 0.9769924621 0.01157979799 1 0.8178598669 0 1 1 0.7603410605 0.5991358144 0.9231025737 0.6519006723 0.3944250463 0.9531379931 0.4195237481 0.92787694 
19 0.2382102207 0.7611876618 1 0.2965461288 1 0.07432566257 0.7993496635 0.8346430853 0.1230585479 0.921217926 1 0.6346950736 0.7336256901 1 0.8688533912 0.13331675 0.9730465193 0.2717492423 0.5762547377 
20 0.3387359241 0.0288209464 0.4400581795 0 0.9304615318 1 0.03491278722 0.04420273432 0.01352703847 0.7471771793 0 1 0.09274801585 0.3611042926 0.5778583636 0 1 0.9674283044 0.9714290742 
21 0.02487170974 0.8665292973 0.4010412379 0.3510481197 0.9845433869 0.2897178057 0.9655380737 0.9914237633 0.1088363871 0.9794720122 0.9394923671 0.8945926807 0.6115010219 1 0.6205165684 0.4083239461 1 1 0.5889347451 
22 0.1906897239 1 0.9043700137 0 0.9707022636 0.2451685834 1 0.8495116219 0.253382069 0.9889117801 0.7413028295 0.8796174186 0.3024030796 1 0.8088208607 0.2059994044 0.8639460051 0.7602429882 0.540888247 
23 0.2552541135 0.8705396849 0 0.2369709217 0.9685478474 0 1 1 0.006693291228 0.8926128999 0.9794870162 0.5528978309 0.5871967373 1 0.7689719814 0.5419488626 0.7436907882 0.6196379566 1 
24 0.2502005466 0.8209054459 0.7310786192 0.3285653156 0.956569602 0 1 1 0.07064865506 0.8854902321 1 0.8099129448 0.625739745 1 0.6580522424 0.2623083803 1 0.5647178136 0.7372554457 
25 0.4771940306 0.9303928655 0.9897552367 0 1 0.1291534153 1 0.9807047322 0.1008522235 1 1 0.7518404937 0.6253424685 1 0.7321410763 0.2059994044 0.9684971074 0.6252430457 0.6363235 
26 0.2375448959 0.8705396849 0 0.02842135951 1 0 0.8142830986 1 0 0.8820869143 1 0.5117207485 0.6221655035 0.9923659783 0.7739666192 0.4682449266 0.684921931 0.5069419579 0.9640852674 
27 0.3011448234 0.04871657478 0.06697913562 0 0.963645337 0.8155989645 0.3484884773 0.3159004365 0.01661612257 0.8059003661 0 0.9335043518 0.0345538032 0.5180324794 0.5833961404 0.4098299458 0.8884755971 0.9737454619 0.8969733856 
28 0.191747432 0.9786662405 0.8896511652 0.1274030338 0.9693959108 0.2662946005 1 1 0.0006669258349 1 0.7421698834 0.7680848134 0.5518998565 0.6927718173 0.8582476646 0.2059994044 1 0.5894965206 0.5412841306 
29 0.2183361843 0.9588369456 0.873049593 0 0.9521622893 0.4026023873 1 0.9713720609 0.4352018201 1 0.7954345954 0.7826373341 0.4283131046 1 0.532651087 0.5868453772 0.9554981301 0.4667167799 0.6538048716 
30 0.1954636597 0.07331282427 0.2935138053 0 0.9206042822 0.9111840397 0.1562038775 0.3674106608 0.08492084858 0.7962499432 0.100938708 0.9005849946 0 0.4633231673 0.2919886398 0.3411874247 0.9132138852 0.9278278517 1 
31 0.2606517746 0 0.0551848539 0 0.9858513452 0.6040102757 0.2973177189 0.2377848153 0.01661612257 0.7795555936 0.03848549202 1 0.1201334903 0.4800288988 0.5998294446 0.6412363782 1 1 0.7633743136 
32 0.1344231756 0.6040887072 0.08314205607 0.1669150659 0.9168545577 0.1682788784 0.9088995847 1 0.1267881898 0.5490980152 0.973042755 0.5655175849 0.7121984766 0.8999647432 0.9105801453 0.1780840603 1 0.6190935503 0.7485002947 
33 0.2134199499 0.07114057704 0.2680195337 0.03620742161 0.8641921475 0.9281079072 0.4296155923 0.2304576391 0.1127223106 0.7158600144 0.193586675 1 0.3580813573 0.7021083807 0.6648661017 0 1 0.8452614386 1 
34 0.5430457771 0.8705396849 0 0.2495420077 1 0.01157979799 1 1 0.006693291228 0.8820869143 0.9395207139 0.4579716397 0.6221655035 0.9257221585 0.810441728 0.5419488626 0.7632590898 0.6198212458 0.9933877883 
35 0 1 0.8850973039 0 0.9964538161 0.2356213393 0.9330908089 0.9741058682 0.05060003431 0.6816014936 1 0.8370174021 0.7336256901 0.9670180625 0.8568507501 0.2256133385 0.9730465193 0.4373423311 0.6678897579 
36 0.02412780229 0.9086060857 0.1320778721 0.35910366 0.9733926959 0.06107353685 0.9675423419 1 0 0.4289333017 0.9807116738 0.4897787728 0.6036410087 0.8977006212 0.7808052544 0.5010248785 0.9732648643 0.672092783 0.7079010652 
37 0 0.8745655698 0.01758322613 0.1305109181 1 0.1519685383 0.9940513332 0.959164183 0.05631705754 0.6588963448 1 0.6636057664 0.6111187725 0.7874872046 0.780014684 0.3779957067 0.8324079231 0.7782431373 0.7802028532 
38 0.2599330496 0.7872885021 0.09883020093 0.3620293098 0.937899282 0 1 0.9023478701 0.02413020351 0.7675250544 1 0.4928194831 0.5254943393 0.7414978046 0.9428411668 0.2700186245 0.7614433566 0.9341087925 0.9276251696 
39 0 0.8959713717 0.6121727897 0.1407523166 0.8852834637 0.01050667252 0.9076854411 0.8820359236 0.1007528284 1 0.9010355258 1 0.6798240408 0.8122804658 0.6822961828 0.3982966692 0.7761637039 0.559704641 0.5692142607 
40 0.2333741054 0.835996871 0 0.339324836 0.9241591154 0.05624193371 1 0.9922441909 0.07451163164 0.8820869143 1 0.3970657574 0.5469998949 0.8413177547 0.810441728 0.5419488626 0.7823177902 0.6198212458 0.8938695306 
41 0 0.8221221779 0.4643882139 0.1413901679 1 0 0.8458974982 0.7587806136 0.06566489176 1 0.839954613 0.9758488776 0.7956747711 0.9646159455 0.7351405994 0.3256283519 0.9226813251 0.562260018 1 
42 0.1695459983 0 0.02887570586 0.04217688666 0.9594650444 0.4574201833 0.4697271145 0 0.03689051614 0.4608388655 0.3155655017 0.6237136337 0 0 0.6415099988 0.1972582167 1 1 1 
43 0.2997362566 0.009301219741 0.1838064859 0.1274030338 1 1 0.5599579925 0.1005857225 0 0.9671455022 0 1 0.1318678238 0.2648352793 0.4230030632 0.3353400822 0.5480873073 1 0.9182375265 
44 0 0 0.07191733024 0 1 0.8252053799 0.5927652086 0.2700215631 0 0.9436584034 0 1 0.02899626755 0.3630591972 0.4048315918 0.4647734795 0.9466289538 1 1 
45 0.4959514673 0.9172670514 0.5062228791 0.2239454636 1 0 1 1 0.0503499206 0.9198111537 1 1 0.6105529731 0.9154221894 0.7506398453 0.3882208448 0.9718473771 0.580954424 0.6104809433 
46 0 0.9885754498 1 0.3075708303 1 0.04791208247 1 1 0.005298869884 0.9042592715 1 0.8124739931 0.7681270082 1 0.8898235688 0.13331675 0.903360422 0.4352789372 0.497509469 
47 0.2054997715 0.7043223149 0 0.2162288656 0.9969219093 0.1693782744 0.980996449 0.9618574365 0.07226323597 0.3979043021 0.8477849944 0.4401449991 0.3972223703 0.8643789016 0.6681476068 0.3251502919 0.9374358293 1 0.8603554938 
48 0.1977770378 0.6999965833 0.08488089581 0.1814983598 1 0.03965853187 1 0.9562303681 0.1169798201 0.5078681331 0.9217849568 0.5384465638 0.6573341281 0.9062894573 0.8073546139 0.6720894118 0.8985648854 0.6659011388 0.6025518394 
49 0.02554271379 0.9191410756 0.1244889395 0.290281784 0.9777939918 0.06452327844 1 0.9023478701 0.02191428131 0.7557145519 0.9176257323 0.4917999541 0.5213251839 0.8459840304 0.9228253041 0.3707957219 1 1 1 
50 0 1 0.8850973039 0 1 0.1782944781 0.9564486752 0.9369147028 0.1751834253 0.9322049142 1 0.8370174021 0.7336256901 1 0.9372185255 0.230582063 1 0.5068696696 0.6603661883 
51 0.1465879722 0.622838803 0.9169672677 0.2162349854 0.9167838143 0.01621013379 0.9330908089 1 0.2060798275 0.8853348944 0.9260000376 0.6051042199 0.2760698069 1 0.781090378 0.03852237136 1 0.7655856722 0.9356459231 
52 0.2205368675 0.8272828092 0.1512995774 0.3455796877 1 0.04803734446 0.9303562305 1 0.2010855661 0.8820869143 0.9944937781 0.3914316911 0.6221655035 0.7473019533 0.9852603368 0.4642472885 0.7632590898 0.6103744018 0.9336724833 
53 0.2620681273 0.8056176259 1 0.2000659764 0.9167838143 0.03965853187 0.9988012403 1 0.2060798275 0.916363894 1 0.5618255304 0.5818572368 0.9535479258 0.781090378 0.1059050755 1 0.668858971 0.7831914945 
54 0.2009617712 0.293458198 0.3964205289 0 0.9744947179 1 0.1435872139 0 0 0.7088753445 0.03081042958 1 0.1935049051 0.4438369151 0.5621485245 0 0.961254247 0.9930926663 0.9937485873 
55 0.1567418825 0.634339276 0.9895526549 0.1830270124 0.9871361088 0 0.8419903936 0.9692775808 0.2157114794 0.9298981237 0.8603020751 0.6202260293 0.5572943571 1 0.8657260567 0 1 0.668858971 0.8545589989 
56 0.2549176114 0.7753670571 0.05382412159 0.09431980142 0.9542030362 0.1788244863 0.8683178089 0.8432496718 0.01085530093 0.4292869429 0.9217849568 0.496715644 0.5452599567 0.806728701 0.8632587844 0.4491088772 1 0.7005389855 0.5634535593 
57 0.4217518699 0.8705396849 0 0.2574594021 0.9287620597 0 1 0.9216250472 0.0968232992 0.8820869143 1 0.4579716397 0.4783041447 0.9257221585 0.8871215125 0.5419488626 0.870286948 0.7548211883 0.9892307833 
58 0 0.9179731445 0.9648127398 0.3482121554 0.848892124 0 0.9565783823 0.7998072872 0.04615613391 0.9543817995 1 0.7901595774 0.7336256901 1 0.7102654923 0 1 0.5337243837 0.6335327262 
59 0.2558740082 0.7753670571 0.1320778721 0.1912386647 1 0 1 1 0.01085530093 0.4289333017 0.9217849568 0.4897787728 0.6556153887 0.738235344 0.8259444666 0.5016324024 0.8985648854 0.672092783 0.7079010652 
60 0.1434058761 0.5951559833 0.8610980076 0 1 0 0.9034581778 0.6417939475 0.2467888068 0.8425586974 0.6316937217 0.9959120889 0.8771471922 0.9529061002 0.9179829705 0.5980940505 1 0.5322427463 0.4793406576 
61 0.186756197 1 0.7631067641 0 1 0.4026023873 1 1 0.457694392 0.9414831375 0.9807775915 0.6035857033 0.3963564293 0.960489412 0.5667517706 0.6202273385 0.9503778783 0.4771521052 0.5041478914 
62 0.3274861192 0.05696130234 0.2845661773 0 0.947130728 1 0.02756399111 0.2040893051 0 0.7217338687 0.03081042958 1 0.06539445852 0.4249904476 0.5778583636 0 1 1 0.9937485873 
63 0.2557636339 0.7753670571 0.1320778721 0.1940534339 1 0.09610389001 1 1 0.1165315379 0.5273327099 0.9372316252 0.4897787728 0.7367613564 0.680193293 0.8599407421 0.5016324024 0.9089999199 0.6167581559 0.7567121501 
64 0.5293889903 0.9019792314 0.9122718691 0 1 0 0.9441621129 1 0 0.9586003526 1 0.7905286797 0.6293858562 1 0.7969981965 0.23181754 1 0.542278455 0.6363235 
65 0 0.8530959227 0.02696094243 0.2917188944 0.9495457881 0.03835742758 0.8758370178 0.8907063702 0 0.8493455393 1 0.5597145168 0.5835096327 0.5863633659 0.870285807 0.3451096086 0.8371339587 1 0.7839563937 
66 0.2333651553 0.7485018192 0.7677321572 0.2239454636 1 0 1 0.8178598669 0 1 0.9219485309 0.9860480997 0.603267895 0.8609752635 0.6937440552 0.4676762545 0.9817473223 0.5723984042 0.9978080363 
67 0.2739219517 0.009301219741 0.004014899141 0 0.8853910315 0.5844015588 0.4598306587 0 0 0.5510529576 0 0.7442553081 0.09424287211 0.06140734886 0.4526081666 0.4979633239 0.6977607278 1 1 
68 0.1825027426 0.6757168886 0.8938316123 0 0.5585615853 0.2894188761 0.5766823568 0.749779012 0.05163338358 0.8333249757 0.9786933281 0.9416349859 0 0.9418479139 0.3932340129 0.1706733071 1 0.9140187832 0.654966401 
69 0.1426437936 0.874328242 0.5384776584 0.01812066249 0.9717171993 0.04791993337 0.9909134339 0.9603259991 0.04318352772 0.7185373316 0.6293110931 0.7916655365 0.4077110649 0.8442377306 0.6411400443 0.3448979707 0.9771248365 0.2644454683 1 
70 0.2189475449 0.7187631145 0 0.459205455 1 0.1648656088 0.9909134339 0.8541949882 0.02178540802 0.5046572067 0.8075103458 0.2443833321 0.6586804703 1 0.6816413529 0.1100176957 0.6964225391 0.6735868648 0.6752266901 
71 0.1012936697 0.5465032938 0.777193587 0 0.8823449132 0.4100285599 0.4199654156 0.8142939835 0.1923653774 1 0.8409418106 0.7312601749 0.4074409752 0.8620367642 0.779571935 0.5549368116 1 0.4043802375 0.1314624713 
72 0.2333799627 0.851610101 0.4950965786 0.2239454636 1 0.1298529117 1 0.8178598669 0 1 0.8046152271 0.9860480997 0.7914958871 0.9996058431 0.6549863448 0.4390273339 0.9497102481 0.6397785705 0.8615776867 
73 0.2841685611 0.0154132424 0.1790723897 0 1 0.9111840397 0.2116516299 0.3397727434 0 0.8350993917 0.01362328444 0.9880101315 0.06029520647 0.4705219086 0.4194804343 0.5300714023 0.8948185734 1 0.9824069752 
74 0 0.8806835517 0.9379712689 0 0.9455403095 0.08226847 0.8101837355 0.918148684 0 1 1 0.7379606853 0.6986569239 0.8930879574 0.6450847494 0.2418933644 0.9192246712 0.5100728579 0.6363235 
75 0.2210304704 0.7322094635 0.4734626851 0.07031041536 1 0.309479072 1 1 0.0683617181 0.7344535776 0.9276493232 0.8717760645 0.5140068468 0.9041952555 0.5900277793 0.3134549447 1 0 0.3511985813 
76 0.2877601207 0.01818144199 0.2277387057 0 0.9733353193 1 0.5331549015 0 0 0.8790640837 0 0.9144515734 0.06144907693 0.4936726214 0.3308811458 0.2712572077 0.5517498098 0.9897734483 1 
77 0 0.01688726968 0.1720972758 0.1513885338 0.9355064692 1 0.2401470187 0.5171655608 0.1073058785 0.8467836192 0 0.7759089951 0 0.3791898928 0.540215676 0.1835841948 0.6368533157 1 1 
78 0.2801168918 0.07114057704 0.1533999339 0.03620742161 0.9456171834 0.8923168906 0.2902402541 0.3390802299 0 0.6242220326 0.004786390412 0.9683262549 0.3580813573 0.5396420794 0.8297930093 0.1785499027 0.9746871151 0.6813829085 0.8413676276 
79 0.2407974704 0.765181704 0.8962472937 0 0.9967581448 0 0.8165591656 0.7985645992 0.04530116442 1 1 0.7379606853 0.6842193405 0.999064017 0.7814989506 0.23181754 1 0.5338590285 0.8634031236 
80 0.1834327384 0.9104751645 0.5691805737 0.005299277615 0.9532791433 0.5295095262 0.8606294491 0.8822274893 0.2893511523 0.8097556104 0.9012011883 1 0.4908016136 1 0.6021212906 0.2679671965 0.9904574809 0.1421475129 0.1945970548 
81 0 1 1 0 0.9465024548 0.4026023873 0.9542049306 1 0.5779275779 0.9761031286 1 0.8485417165 0.4369776715 0.9534792183 0.5314530173 0.5163219102 0.8459104502 0.4667167799 0.6376379086 
82 0.1701005584 0.6608682328 1 0.06910095571 0.8360192488 0 1 1 0.1487092862 1 1 0.587962488 0.6046257364 1 0.65033248 0.303202836 0.9730465193 0.5496335309 0.6290700099 
83 0 0.01478449592 0.1908666714 0 0.8746306253 0.9507694979 0.2502943572 0.4607192017 0.1116975876 1 0 0.752660203 0 0.5013267479 0.3272402863 0.08060123398 0.6295874705 0.9674283044 1 
84 0.4975609837 0.9181506533 0.8760895709 0.1245438179 0.8913440176 0.1203601096 1 1 0 0.948074367 1 0.6625951272 1 1 0.8747819192 0.02734927455 0.9730465193 0.7183362919 0.219683091 
85 0.3025231557 0.03571849442 0.09697774458 0 0.9858513452 0.8782234632 0.3488524809 0.2108901264 0.01661612257 0.79246021 0 1 0.03070673485 0.3101752068 0.5998294446 0.3357382387 0.9411052675 0.8878701325 0.7720558958 
86 0.2203067052 0.07114057704 0 0.03620742161 0.9456171834 1 0.6798323247 0.1647377663 0.1926815706 0.6122485586 0.004786390412 1 0.1261094296 0.6730703281 0.4972103137 0.2484990644 1 0.5850247916 1 
87 0.2631537614 0.8036868659 0.08127236374 0.2495420077 1 0 0.992928706 1 0.01904976341 0.709945202 0.9752044564 0.4896957708 0.6884161465 1 0.810441728 0.5419488626 0.7598313449 0.7650153114 0.7188046416 
88 0.2076698474 0.7038889663 0.02796934756 0.2043432966 1 0.1853972272 1 1 0.02285069046 0.5704427801 0.8509414673 0.2696763253 0.5914112299 0.8629794652 0.8044995036 0.3441211474 0.8042329922 0.6602283947 0.9004359248 
89 0.2471981971 0.01063207765 0.3138687284 0 0.8790908864 0.843969905 0.3551403891 0.4364562035 0.005359572776 0.4976913391 0 0.8413423426 0.09819577228 0.2863721096 0.6470835151 0 0.9959196064 0.6225165594 0.8322477367 
90 0.2002616035 0.88769229 0.1018118655 0.2495420077 1 0.05937394061 0.8629929816 1 0.006693291228 0.6857582897 0.8667993866 0.3277431031 0.6221655035 1 0.7882653366 0.6086032774 0.6939915178 0.6198212458 0.8829422108 
91 0 0.9515484611 0.3963211176 0.4021379878 0.9769924621 0.08978495534 0.9011720724 0.6745884951 0 1 0.8957948694 0.7603410605 0.5605221172 0.8459149664 0.6519006723 0.4189470403 1 0.5064090201 0.9336941289 
92 0.2598418222 0.9418639438 0.6258844015 0 1 0.312177918 0.9183346016 1 0.1504121254 0.6303186988 1 0.6747412292 0.4717657779 1 0.7026642661 0.5260690324 1 0.04734501819 0.5955519162 
93 0.2148568535 0.009301219741 0.262226223 0.07333794246 1 1 0.4728799401 0 0 0.8790640837 0.1544764486 1 0.2332997094 0.4422581464 0.4890482732 0.4106126618 0.5299577418 0.9642152161 1 
94 0.2642820437 0.02468862682 0 0.004508931973 1 0.5575006018 0.3766908776 0.08885870058 0 0.3176996787 0 0.642538939 0.04335044064 0.001490364866 0.5652326156 0.4434576375 1 1 1 
95 0.1908862653 0.9925278062 0.6025553208 0.2009135549 0.8712639347 0.3593324234 0.7086834021 0.9471818424 0 1 0.7413028295 0.9907352088 0.5411689727 0.9009173889 0.7607834298 0.3112904492 0.8823836156 0.6825610687 0.364601199 
96 0.1656443393 0.3504334371 0.2791256299 0 0.7359028132 0.9928842906 0.1081636279 0.4178904906 0.01352703847 0.8275699938 0 0.7759089951 0.03835374615 0.5013267479 0.4685827778 0.2978249137 0.6201965592 1 0.8651459832 
97 0.1761492208 0.6666097604 1 0.1830270124 0.9167838143 0 1 0.8192942621 0.1486491943 0.7988498628 1 0.5618255304 0.5007112692 1 0.8468045161 0.1873617345 1 0.779621158 0.665697078 
98 0.5371612669 0.8806835517 1 0 0.9455403095 0 0.9330908089 0.9807047322 0.08776205738 1 1 0.5384912058 0.644572628 1 0.7044105936 0.2044058656 1 0.5338590285 0.7269733559 
99 0 0.06884537588 0.08330825943 0 0.8787162535 0.8923168906 0.47303721 0.3265954901 0.2332438346 0.7145407213 0.004786390412 0.9503912716 0.2599873547 0.5396420794 0.6049330894 0.3010218307 0.9746871151 0.7721656535 1 
