25 100 18 0 0
0 0.5281913666 0.81204317 0.2922224869 0.2231973855 0.8915281395 0.04183096849 0.8541014691 0.8305887887 0.08511223899 0.5623365243 0.9176257323 0.6959208628 0.5856790696 1 1 0.5736160034 1 0.5208234416 0.9255780852 
1 0.5251489235 0.7808271954 0.04714202139 0.2691277939 0.8627234464 0 0.7870414189 0.9445919719 0.2455116228 0.602115196 0.8078131549 0.5821519404 0.4188745206 0.8796819205 1 0.4653585864 0.9388082526 0.4437656292 0.806844758 
2 0.5022267937 0.6257228792 0.1890889742 0 1 0 0.8498801269 0.8661572618 0.1781447131 0.846162804 0.6372319098 0.9473889631 0.8046580521 1 0.9684134957 0.6502112257 0.9215682623 0.5532843832 0.7584085771 
3 0.4506181937 0.7130135477 0.2398944825 0 1 0.1853972272 0.7886569215 1 0.01085530093 0.7355612847 0.7487011584 0.9242350978 0.715260255 0.7585845701 0.9839162343 0.629782455 0.9670003646 0.4999692426 0.6493629619 
4 0.3623217063 0.7633209493 0.1890889742 0.06720116126 0.9222859543 0 0.7300805499 0.8661572618 0 0.846162804 0.8454655728 0.8571471746 0.8386346761 1 0.9684134957 0.6502112257 0.9215120542 0.4866743652 0.7584085771 
5 0.3437664652 0 0.05092458425 0.07414907627 1 0.7173801734 0.1559710382 0 0.2654521863 0.782173463 0.04718121067 0.9118682828 0.202361657 0.05710169582 0.7397682455 0.2942635395 0.955965108 1 0.4092395267 
6 0.1778269475 0.1083368506 0.04533824197 0.2133951978 1 0.5781380423 0.7739847188 0.590152821 0.008778582873 0.1613364605 0.2955309625 0.8724459381 0.5339051929 0.6226464786 1 0.4872667121 0.2634050692 0.6425727106 0.2416001436 
7 0.1554658744 0.1499629357 0.07388621112 0.2238268584 1 0.907378175 0.6933509189 0.6192761724 0 0.1613364605 0.1514807686 0.8320358878 0.5339051929 0.5063479742 1 0.5414585368 0.2010172106 0.6425727106 0.3052155859 
8 0.2154459619 0.6744450998 0.2922224869 0.09866162019 1 0.04183096849 0.973901046 0.8305887887 0.2632569521 0.5623365243 0.7093920693 0.7861626514 0.5517024456 1 1 0.5736160034 1 0.5874334595 0.9255780852 
9 0.1525755745 0.6909575 0.3249456403 0 0.8276418127 0.03804334996 0.871010504 1 0.1422185279 0.7723235182 0.6374093066 0.9474719652 0.6082234417 0.8693351174 0.8791106272 0.6502112257 0.943384421 0.5120055361 0.601493276 
10 0.2440738371 0.06183220688 0.05092458425 0.02375433468 1 0.7173801734 0.1559710382 0 0.243582202 0.6902834792 0.09436242134 0.9161895679 0.202361657 0 0.5828643526 0.296149102 0.8939055822 1 0.5482249979 
11 0.2287724841 1 0.2452925055 0 0.5628351056 0.5378059421 0.6835367091 0.7376626878 0.3325911646 1 0.9018709105 1 0.4146861452 1 1 0.8908456509 0.4854969281 0 0.537572051 
12 0.1589020349 0.6400511326 0.2078582368 0.4735021546 0.9233439236 0.2956175431 1 0.9444471231 0 1 0.9138370022 0.5882196151 0.853168518 0.8170679111 0.8791235587 0.6371071316 1 0.5409923912 0.6095942053 
13 0.1977293764 0 0 0 1 0.6124070475 0.07725125575 0 0.3885947843 0.8409111805 0.2133461155 1 0.2692190547 0.6340481245 1 0.2841607857 1 1 0.7197005275 
14 0.2448323843 0.0465443869 0.2290063313 0 1 0.7304958322 0.2055934905 0 0.2682924578 0.6837463936 0.07612656279 0.9581765391 0.2547476531 0.1073106965 0.7230294586 0.1652719092 0.8704786786 0.9689579256 0.1821599032 
15 0.02149079163 1 0.2726304846 0 0.5146556032 0.6193118682 0.6835367091 0.7678384361 0.3620916839 1 0.9106074675 1 0.319461044 0.9071588407 0.7678435831 0.7903378032 0.4992161588 0 0.537572051 
16 0 0.9877534227 0.3996374234 0.1041660254 0.5669305301 0.6612029474 0.6931425862 0.8746045801 0.4047322604 0.860158799 0.9543547753 0.7629465141 0.3628114846 0.9071588407 0.6296837825 0.6564264818 0.6282276729 0.0002497205357 0.7141321725 
17 0.203769399 1 0.341086088 0.1041660254 0.4664761008 0.6082224543 0.6819344141 0.7980141844 0.3403039517 1 0.7896718049 0.8646628831 0.4137039161 0.9522508099 0.6356260069 0.6762526696 0.4919283648 0 0.6688533656 
18 0.2133711222 0.7130135477 0.3171629003 0.1245438179 0.9769924621 0.1853972272 0.8957713187 1 0 0.7514307374 0.8222718076 0.7302521897 0.715260255 0.7569009683 0.9006763072 0.6359866565 0.9670003646 0.4999692426 0.5772399019 
19 0.1767342997 0.6685835836 0.3203194177 0.1135191164 1 0.2597228897 0.8779179381 0.8346430853 0.1230585479 0.8034625031 0.8849429589 0.7302521897 0.715260255 0.7691321578 0.8943372985 0.6359866565 0.9670003646 0.3364395477 0.6559851706 
20 0.2261141989 0.7351805934 0.2327266248 0.03995675702 0.8343788179 0 0.6214061233 0.8319850434 0.1036570464 0.846162804 0.877070692 0.8571471746 0.6947733173 0.9361138449 1 0.5760721807 1 0.5891026122 0.731932059 
21 0 0 0.107661778 0.2238268584 1 0.6699720993 0.6778925436 0.6488424993 0.1774804808 0.1408084727 0.09617235556 0.8445307439 0.572776342 0.6404928208 1 0.5622773951 0.2010172106 0.6657729974 0.1873848578 
22 0.1917800842 0.8602061914 0.8440543322 0.8989872537 0.9733353193 1 0.8344721318 0.7960752778 0.209478823 0.2285873116 0.7413028295 0.543020772 0.707184245 0.6736033678 0.9237290012 0.02652711479 0.3710306344 0.9539886645 0.2616558458 
23 0 0 0.0111499898 0.06157799023 0.9685478474 0.5469023135 0.1904578011 0.1785867947 0.2654521863 0.7926994485 0.08714751298 1 0.1673928908 0.2180389055 0.6982984989 0.2942635395 0.9363968064 0.9998167108 0.4497963289 
24 0 0 0.07726841776 0.1830270124 1 0.5043593514 0.08678578015 0 0.2730582023 0.6920002713 0.09008933964 0.9846304312 0.2167992404 0.2781104141 0.8108391554 0.1201732509 0.8811545262 0.8668093238 0.07424705471 
25 0.05450231657 0.8260464471 0.2605275885 0.2049917737 1 0.4711548498 1 0.8676403342 0.1709903833 0.7152540195 0.7703105483 0.8352598199 0.6541726214 0.8951778939 0.9830461972 0.4296054822 0.9517953145 0.5954225488 0.6381767082 
26 0.1834892852 0 0.05092458425 0 1 0.6157579489 0 0 0.2230004559 0.782173463 0.1372705503 0.9656173916 0.202361657 0.1237455156 0.7032931367 0.2205596034 0.8776279491 0.8871207121 0.3799370059 
27 0 1 0.3811800485 0.1236728147 0.6484487032 0.2610713013 0.3605662234 0.8678628809 0.06310844394 0.9247486203 0.9615414305 0.9235585714 0.9144203129 1 0.9835666957 0.6899015292 0.9132575751 0.2934864521 0.6909335988 
28 0.2502805661 0.8112143697 0.002248364012 0.1271422844 0.6906827035 0.6773637529 0.7323615685 0.6890950164 0.2486732027 0.8895556693 0.7473691033 0.952465679 0.4658054929 0.3227512383 0.9370708687 0.2664841526 1 0.1622050453 0.4013972397 
29 0.2202076315 0.9058900168 0.3350969925 0 0.4404085595 0.6895825267 0.4402853396 0.9713720609 0.4747725765 0.136558198 0.7954345954 0.4809561113 0.4950791069 0.6741415721 0.9310392581 0.6151117851 1 0 0.1005590694 
30 0 1 0.4555275037 0.1041660254 0.4664761008 0.6612029474 0.6611049162 0.8256521018 0.4633657579 0.9758110965 0.9817972405 0.8442426674 0.2684569012 0.9071588407 0.5081342124 0.6313641627 0.5681085828 0 0.6078639037 
31 0.2374494356 0.9203843782 0.3693857668 0.06889130481 0.6706547114 0.0494826125 0.3093954649 0.7897472598 0.06310844394 0.8984038479 1 1 1 1 1 0.9213079616 1 0.4218516477 0.5573345269 
32 0.113985688 0.568016792 0.1506005033 0 0.9168545577 0.1682788784 0.8498801269 1 0.3034957134 1 0.8290912387 0.9647272763 0.83745881 1 0.9684134957 0.5577036907 0.915313423 0.5232844044 0.7385438786 
33 0.1561605297 0.01873355082 0.2680195337 0 0.6397112291 0.9318268026 0.0223353127 0.1267253497 0 1 0.3411639501 1 0.4681082897 0.6694075299 0.8654609862 0 0.9430871169 1 0.157421787 
34 0 0.9330201295 0.7747827043 0.8807482821 1 0.6558996785 0.728248706 1 0 0.4093406169 0.8191682386 0.3602774676 0.7312040565 0.875077028 0.8739427024 0 0.1480059139 0.7560425539 0.5448066994 
35 0.213589894 0.1764791871 0.07726841776 0.009035892866 0.9780190509 0.868288767 0.2725026816 0 0.2873221706 0.5250329568 0.0313503581 0.9075469977 0.2167992404 0.1625187328 0.8473142642 0.292377977 0.9594916851 0.8829886251 0.04317443201 
36 0.3109989 0.1332390286 0 0.1678649953 0.9275957321 1 0 0 0.2647521424 0.8917460392 0.1451730012 1 0.121326826 0.5747006087 0.8703958743 0.1000316629 1 1 0.3172431698 
37 0.1972022989 0.02216212908 0.2290063313 0 1 0.7581498361 0.01392792225 0.05681631297 0.2798975657 0.6670076678 0.2161406481 1 0.2547476531 0.3632149422 0.7531871198 0.08968241068 0.9251656119 0.6799015943 0 
38 0.2159641075 0.9101265056 0.2579913869 0.07031041536 0.5378337091 0.8321876701 0.8818879956 0.8163486435 0.5465969001 1 1 0.7448316826 0.3519379707 1 0.7635917749 0.3496994723 0.6055882025 0 0.3345968635 
39 0.2397093999 0.05584560664 0.1422368458 0.07232966628 0.8526478162 0.7993552635 0.1249404678 0 0.1254755025 0.7381441336 0 1 0.3296110407 0.3376241285 0.8059954013 0.1331373933 0.4220876329 0.8942087135 0.4915642988 
40 0.1594682347 0 0 0.1639319045 0.9241591154 0.7620423091 0.1694020166 0 0.3332705267 0.782173463 0.3364863907 0.8509624005 0.1271960484 0 0.7397682455 0.2942635395 0.9750238084 1 0.3097212691 
41 0.1434543668 0.6878133826 0.2187854186 0 1 0.1466289853 0.7051885577 0.9409207466 0.07652019269 0.8849261525 0.6243395139 0.9457600068 0.9117992118 0.79841434 0.9839162343 0.5671899621 0.9365436966 0.6427055125 0.6493629619 
42 0.2215508376 0.9376012559 0.2938595581 0.04217688666 1 0.3759105619 1 0.8862161555 0.620144898 0.9518293371 1 0.9811746946 0.2489387403 0.7356897702 0.8399246131 0.5989008865 1 0.04655927641 0.3361243257 
43 0.3214776798 0.05404476901 0.1247849033 0.1274030338 0.7343678336 0.839741311 0.128497453 0.3841828272 0.04753733624 0.8154745154 0.02173467457 0.797813513 0.1546478679 0.4792296527 0.8954944808 0.0253426788 0.9907946205 0.8683835497 0.5089216883 
44 0.1905496628 0.9090196192 0.2891542287 0.3178341451 0.8483288235 0.2653213015 0.9632471052 1 0.2463274022 1 0.7342864659 1 0.3436312203 1 0.9975564141 0.66015142 0.9834068354 0.3673549619 0.5563654711 
45 0.2576482628 0.9226384841 0.2234256431 0.1491551418 0.5310548757 0.1210669934 1 1 0.3774461771 0.6090271019 1 0.8481425456 0.7595678484 0.5529156369 1 0.5237934761 0.8739283699 0.1619249663 0.5857159406 
46 0.04146468478 0.8959713717 0.3405549534 0.1245438179 1 0.2333093096 1 1 0.005298869884 0.7865038487 0.9466867849 0.9080311092 0.7497615732 0.8626454612 0.9153074761 0.6359866565 0.8973142673 0.4999692426 0.5772399019 
47 0.1141291001 1 0.06805572488 0.05440199833 0.9490841986 0.5271278082 0.6912777494 0.9215879976 0.3165325284 1 0.5785777735 0.8753634058 0.3037716659 0.8668051471 0.8081024565 0.5489629718 1 0.5515483334 0.5878510472 
48 0.2110646119 0.9047801249 0.4125683196 0.146792242 0.8757388362 0.1397566331 0.8684270303 0.7816030671 0.393250923 1 0.8188269206 1 0.2663313433 1 0.9814101473 0.6679448198 1 0.1104006158 0.170345963 
49 0.1622957896 0.06673763489 0.3359120447 0 1 0.6707045762 0.0198765891 0 0.2454947895 0.7638258749 0.03666042404 1 0.1649540645 0.421711768 0.8959977399 0.08248242587 1 0.9279978993 0.235880918 
50 0.2456662806 0.127431709 0.07726841776 0.08736294234 1 0.8109619058 0.2958605478 0 0.4119055616 0.7756363774 0 0.9075469977 0.2167992404 0.1955006703 0.9276820397 0.2973467015 1 0.9525159636 0.03565086243 
51 0.2911936301 0 0 0.03320797301 0.8334415719 0.9655776382 0.1234772087 0.2618190727 0.2167542598 0.6336087568 0 1 0 0.4269967762 1 0 0.9709192845 0.8299640104 0.5200476752 
52 0 0 0.2022241617 0.1701867562 1 0.7538377198 0.08632726872 0.003716145685 0.4598444612 0.782173463 0.1021542749 0.8453283342 0.202361657 0 0.9145868543 0.2165619654 0.955965108 0.990553156 0.3495242218 
53 0.2049470195 0.1684783976 0 0.01703896399 0.8334415719 0.9890260363 0.18918764 0.2779793216 0.2167542598 0.6646377563 0 1 0.2156123162 0.3448105373 1 0.004968724542 0.9709192845 0.7332373092 0.3675932465 
54 0 0.9998178449 0.1890889742 0.07511855561 0.878412004 0.01390302342 0.7300805499 0.7391985868 0.04889055118 0.8078609692 1 0.8964584737 0.7955302065 1 0.984290161 0.6502112257 0.961254247 0.6147669741 0.7542515721 
55 0.3069606924 0 0 0 0.9037938664 0.8378166091 0.03237679334 0.2017445665 0.2263859118 0.678171986 0 1 0.1910494364 0.3912626115 1 0 1 0.7332373092 0.438960751 
56 0.2170136846 0.879701674 0.1348549206 0 0.9542030362 0.6018349736 0.8472520775 0.7994800399 0.4729528883 0.9334525745 0.7862606573 1 0.3358432166 1 0.9284533421 0.7953046744 1 0.1471776272 0.1909989431 
57 0.2410120583 0.7633209493 0.1890889742 0.07511855561 0.8510480141 0 0.7300805499 0.7877823091 0.09013000797 0.846162804 1 0.8571471746 0.6947733173 1 1 0.6502112257 1 0.6216743078 0.7542515721 
58 0.2962333311 0.1123555186 0.03558538137 0.1968890686 0.9303171599 0.7555084254 0.4152029611 0 0.310857882 0.6421373324 0.04303010029 1 0.1061201865 0.4419774261 0.9621899816 0.1037413878 0.9509308813 0.7963045909 0.2669768167 
59 0.09594213458 0.5396969831 0.2398944825 0 1 0 0.871010504 1 0.189000014 0.7343408958 0.5847160161 0.9474719652 0.8046580521 0.8684445833 0.9839162343 0.6502112257 0.943384421 0.4833611087 0.7584085771 
60 0.2146028818 0.04871657478 0 0 0.9777939918 0.6580019984 0.2689698865 0 0.457238878 0.7659789962 0.1749466213 0.9294164407 0.2269271544 0.5535451959 1 0 0.9132575751 0.9151779104 0.7261689379 
61 0.2256315288 0.9851826345 0.2251541636 0 0.4882462702 0.6895825267 0.4402853396 1 0.4972651485 0.07804133551 0.9807775915 0.3019044805 0.4631224316 0.6346309841 0.9651399418 0.6484937465 1 0.0104353253 0 
62 0.2410120583 0.7633209493 0.07723462264 0 0.8510480141 0 0.6140573272 0.9918716141 0.09013000797 0.8207194933 1 0.8571471746 0.66741976 1 1 0.6502112257 1 0.6216743078 0.7542515721 
63 0.2230012128 0.9801505988 0.4597652959 0.1593473161 0.8415202856 0.1962019912 0.7303256303 0.9444650164 0.3928026408 1 0.8342735889 0.9793152814 0.3457585716 0.9884100232 1 0.4974878104 1 0.06125763282 0.3245062737 
64 0.2746511106 0.1328372004 0.1341132691 0.03216811244 1 0.8617717431 0.4169032767 0.02794540858 0.2662712498 0.7812973247 0.09021131096 0.9783160856 0.07421371728 0.05803767882 0.7552674914 0.2684454038 0.9894098386 1 0.1821599032 
65 0.2242515241 0.9759339262 0.1861221284 0 0.5494802153 0.9573652935 0.6929862577 0.8047071437 0.4502610265 1 1 0.8117267162 0.4099532641 0.8506735957 0.6910364151 0.4247904564 0.6812788045 0.1499199248 0.1909280876 
66 0.1817303202 0.9680322952 0.4150562963 0.1723739272 0.6695447691 0.6215881006 0.9224859206 0.7980141844 0.3115180299 0.9915789872 0.7173410511 0.8069975091 0.3525675828 0.8619112465 0.7344282699 0.8114459799 0.6185282268 0.05376062229 0.7987449396 
67 0.2147613621 0.2688985872 0.2075541845 0.1893759857 0.8540222292 1 0.7876988722 0.732701286 0 0.1926112814 0.01186850761 0.8486186551 0.2014347798 0.5220635232 0.6919788484 0.6257257022 0 0.7357278393 0.0692044548 
68 0.2311474807 0.7095344263 0.2909008397 0 0.9857696121 0 0.5930735316 0.8722914143 0 0.483159155 0.7727442456 0.8817234042 0.7910884503 0.9418479139 0.8629013435 0.7970417412 0.8522444822 0.5963939981 0.8956550771 
69 0.1305895692 0.8753873991 0.6971969348 0.7438715825 0.9303171599 1 0.9316641036 0.7328805405 0.7058202413 0.5037667865 0.6076909652 1 0.1275636523 0.7879311974 0.8556968863 0.01094377413 0.4679262599 0.7798083335 0.0748501308 
70 0.2180677183 1 0.678576677 0.9470747735 0.8442858919 0.6181725431 0.7990885365 0.9445919719 0.1712238493 0 0.8803874291 0.3860284196 0.6015577853 0.8820590724 1 0.04570090857 0.2583241031 1 0.2101557135 
71 0.1854553788 0.768328971 0 0 0.8727224326 0.3897901796 0.556051058 0.7379370469 0.4171382507 0.9715610382 0.7853738065 0.9687264452 0.4268987109 0.7605395963 0.8407999272 0.7307418939 0.9739168977 0.3970434253 0 
72 0.1251339792 1 0.1424207176 0.1723739272 0.6785548728 0.7514410123 0.8007150254 0.7980141844 0.3353912479 0.980232769 0.6000077473 0.8069975091 0.5407955749 1 0.6956705595 0.7827970593 0.5864911526 0.1211407886 0.66251459 
73 0.1905543024 1 0.341086088 0.1041660254 0.6443415744 0.6612029474 0.7165526686 0.7980141844 0.1681534051 1 0.8944818169 0.9316678043 0.3797562504 0.9143575821 0.6356260069 0.8202481403 0.549713271 0.1690934811 0.5598077505 
74 0.2020490915 0.1115415207 0.1598126689 0 1 0.9644494227 0.2829248994 0 0.1683500331 0.9038608391 0.1456471656 0.9257480913 0.143484785 0 0.6033540443 0.2785212282 0.8390608993 0.9762138294 0.1821599032 
75 0.1470301219 0.7103216065 0.3962821604 0 0.83660969 0.6170041282 1 1 0.003953095392 0.7201862173 0.6281887126 0.8884196923 0.5754670202 0.9534018666 0.7850456755 0.7387453652 0.4619769205 0 0.5889387303 
76 0.2522646119 0.06292499126 0.1687171231 0 0.6836376458 0.7163152696 0.101694362 0.1324905402 0.1117997168 0.7273930969 0.02693389439 0.6484864457 0.08422912104 0.7080669948 0.8033725633 0 0.9944571231 0.8360587349 0.7446396394 
77 0.125043766 0.7996976684 0.1943392754 0.1513885338 1 0.523307469 1 1 0.3945811817 0.9477594783 0.8910706693 1 0.3865478149 0.8778631449 1 1 1 0.4399287176 0.2264008338 
78 0.2166695202 0.7271594451 0.8692353088 0.8807482821 0.9920433814 0.6443198805 0.7800037654 0.9741355809 0 0.1196848734 0.9144558641 0.3920015987 0.7974546996 0.9516937835 0.9396568405 0.08145665896 0.1870831304 0.9012366195 0.1527291362 
79 0.1920723926 0.6608352856 0.1670196455 0.2469727375 1 0.3063540704 0.8391239565 0.6855002012 0.1154393242 0.7161301577 0.727280448 0.8213800114 0.7130494935 0.8942419109 1 0.4554236178 1 0.5040385316 0.8652563318 
80 0.2218076976 0.7367844514 0.1197768573 0.2936495382 0.6201171445 0.6806983176 0.546723697 0.5145061927 0.3388106793 1 0.9012011883 1 0.4381963531 0.4496289253 0.9937661065 0.1422117409 0.9904574809 0.6530629442 0.3266426014 
81 0.2048741458 0.888033361 0.6140804415 0.005299277615 0.7955537776 0.3630892336 0.8300419484 0.8939108206 0.7971524863 0.7825117527 0.7693127543 0.9298739869 0.5069245317 0.9534792183 0.9406779961 0.3226517776 0.711114326 0.2580181115 0.3150234836 
82 0.1195260006 0.5776098817 0.3444034508 0.08726827445 0.9029201787 0.03645754647 0.6604367804 0.8698734075 0.1943922749 0.8960103537 0.9004386371 0.7618096238 0.807728725 0.8230701596 1 0.6199238095 0.9215120542 0.50079937 0.6716214406 
83 0.2151366803 0.7975948947 0.2131086711 0 0.9762323513 0.4267604783 1 0.9990612052 0.3989728908 1 0.8117673802 0.9767512079 0.2758135817 1 0.8153321806 0.9041781192 1 0.2878249058 0.2961767134 
84 0.2039679275 0.01873355082 0 0.1830270124 0.9118437396 0.6463121449 0.1396330741 0.2234969507 0.0846763988 0.7531058129 0.09692781079 1 0.398837222 0.6298191952 1 0 0.9132738439 0.9700342434 0.2177969306 
85 0.2419737105 0.9888643307 0.4111786574 0.1236728147 0.6706547114 0.3236958 0.3609302269 0.7628525708 0.06310844394 0.9113084643 0.8509414673 0.9900542195 0.9105732445 0.8951778939 1 0.6158098221 0.9658872455 0.2076111228 0.5660161091 
86 0.1811241768 0.6752152291 0.1727309452 0.2400804897 0.8203706027 0.1485504868 0.3731299894 0.519704073 0.2896378815 0.6582052373 1 0.8612767079 0.9266150577 0.9429580513 0.9936609914 0.7051270668 1 0 0.9358451037 
87 0.1163826976 0.568016792 0.1890889742 0 1 0 0.8498801269 1 0.1971944765 1 0.6381355156 0.9473889631 0.83745881 1 0.9684134957 0.6905276859 0.8046508804 0.5762836371 0.7693121535 
88 0.2339526507 0.7428974939 0.7158353749 0.9500786751 0.9920433814 0.6839784124 1 1 0 0.2716732511 0.854851981 0.2849520516 0.8550256227 0.8707043666 0.7723611255 0 0.1445781689 0.9808386921 0.4339270868 
89 0.2991302252 0 0.1239179792 0 0.7139882658 0.896035786 0.06575693038 0.1323376649 0.005359572776 0.7949714795 0.02047523142 1 0.4295572356 0.5440437838 0.9047830663 0.05697999745 0.7673307178 0.9378286462 0.157421787 
90 0.1870522445 0.7804735545 0.2909008397 0.06720116126 0.9886805528 0.04779414262 0.5930735316 0.8661572618 0 0.6498341794 0.7727442456 0.726918638 0.8386346761 1 0.9462371043 0.7168656405 0.8522444822 0.4866743652 0.6479629996 
91 0.1387411199 0.5926191628 0.1739439736 0.2168875475 1 0.07820515735 0.4245931437 0.6976463473 0.03576465332 1 0.637175317 0.8921371318 0.8259115971 0.6064289516 0.9652770957 0.7401185333 1 0.5641127933 0.4852479391 
92 0.2179901878 0.9418639438 0.07412824964 0 0.9861067508 0.4828552639 0.5278358041 1 0.6311469743 0.7136345561 1 0.6363944328 0.2179318443 0.8796563647 0.9466437353 0.5916737696 0.9869475164 0.2111558365 0.02607863277 
93 0.2404475976 0.7735030855 0.9639270724 1 1 1 0.6918304996 1 0.08281660499 0.3277569501 1 0.7535028193 1 0.4076913162 1 0.1658825689 0.4988727148 0.9505286954 0.1396346375 
94 0.200982156 1 0.1588184181 0.03323154073 0.6074872509 0.5796970213 0.6835367091 0.7678384361 0.305510984 0.8997801206 0.7866559632 0.9658433778 0.4146861452 1 0.9080423903 0.8324984178 0.5359940404 0.04608003175 0.6142469731 
95 0.1960402864 1 0.1148797564 0.2362826906 0.4704951561 0.8081040935 0.7070811071 0.8947408028 0.1074951647 0.9889258828 0.8703277804 0.9499105234 0.7818364486 0.6431422893 1 0.6850038621 0.8456448123 0.2309354006 0.4832275849 
96 0.2175610229 0.9665557096 0.4054218588 0.06952628455 0.8144970013 0.1782815177 0.7741285177 1 0 0.732217112 0.8222718076 0.7302521897 0.7536140012 0.7569009683 0.9662119549 0.7655647851 0.9576094532 0.5469634991 0.4423858851 
97 0.2309878933 0.02947053212 0 0 0.8334415719 0.9493675044 0.2211297734 0.05176124787 0.1593236266 0.5471237251 0.05960388308 1 0.1344663485 0.3936015255 1 0.0864253835 1 0.8439994962 0.25009883 
98 0.1845199667 0.1115415207 0.2692174305 0 1 0.7559724413 0.4058319728 0 0.3634641384 0.8306125092 0.09021131096 0.7262786118 0.08940048912 0.1526450239 0.6626798885 0.2410337293 1 1 0.2728097591 
99 0 0.01643834965 0.08330825943 0 0.6542353351 0.896035786 0.06575693038 0.2228632006 0.1205215241 1 0.1523636655 0.9503912716 0.3700142871 0.5069412286 0.8055279739 0.2137169676 0.7629249045 0.9298480107 0.157421787 
