75 100 18 0 0
0 0.5670950657 0.7327540535 0.8759392562 0.0186721328 1 0.08413216854 0.7836586009 0.8060151463 0 0.8425586974 0.7705723878 1 0.7750880135 0.9529061002 0.803897095 0.6597129275 1 0.5301434297 0.4793406576 
1 0.5532853786 0.847322343 0.7748416789 0.07970222887 1 0.01157979799 0.9293658619 0.8178598669 0.07256531374 1 0.9643162575 0.4604588184 0.5259359889 0.9247861755 0.7211493805 0.3333974958 1 0.4197070373 1 
2 0.5532089177 0.8613929531 0.08127236374 0.3432768702 1 0 0.992928706 0.9580730474 0 0.54075521 0.9743008506 0.4896957708 0.6556153887 0.8697907607 0.810441728 0.5016324024 0.8767487268 0.7420160575 0.7079010652 
3 0.5530290099 0.847322343 0.4854972778 0.2239454636 1 0.01157979799 0.9293658619 0.8178598669 0 1 0.9643162575 0.9543239686 0.5991358144 0.9247861755 0.7351405994 0.3882208448 0.9531379931 0.4195237481 1 
4 0.5515864355 0.8222264093 1 0.18832629 0.9815273469 0.1169456754 0.761365157 0.8938689892 0.1154393242 0.9220478185 0.9012011883 0.8202232709 0.6293858562 1 0.8985797734 0.04193043637 0.9904574809 0.4357426626 0.4504382014 
5 0.5513484584 0.8552518649 0.07348416309 0 0.9542030362 0.1788244863 0.8014086178 0.8239544041 0.009533562694 0.8824405556 0.968466066 0.5112167672 0.5497584842 1 0.8803751331 0.3604337071 0.8632378123 0.617225374 0.8489402824 
6 0.4818301492 0.836192788 0 0.2502899139 1 0 0.9900941422 0.8698704426 0.005799380904 0.6901200777 0.9939893999 0.539135874 0.8521543454 1 0.810441728 0.4390399096 0.9086799174 0.8847523274 0.7475128757 
7 0.2068536162 0.8778188731 0.02638773294 0.2607215745 1 0.1184072778 0.9094603423 0.898993794 0 0.6901200777 0.849939206 0.4987258236 0.8521543454 0.9096205306 0.810441728 0.4932317342 0.8462920588 0.8847523274 0.8111283179 
8 0.1054040888 0.5951559833 0.8759392562 0 1 0.08413216854 0.9034581778 0.8060151463 0.1781447131 0.8425586974 0.5623387248 1 0.7411113895 0.9529061002 0.803897095 0.6597129275 1 0.5967534477 0.4793406576 
9 0.1537794348 1 0.731320161 0.184037649 0.6754080604 0.3133870091 0.8844546268 0.8252041405 0.08558685363 0.9185239423 0.6522495065 0.6849873727 0.3144906125 1 0.436489021 0.3707028813 0.8691462803 0.9200760526 0.144989877 
10 0 0.8840586162 1 0.1379315484 1 0.1169456754 0.761365157 0.8504393154 0.09356933989 0.8301578348 0.948382399 0.824544556 0.6293858562 0.8625370085 0.7416758804 0.04381599887 0.928397955 0.4727526227 0.5894236726 
11 0.2241954748 0.1214410577 0.8328271678 0 0.9946819572 0.8318197096 0.6635516949 0.0985138829 0.2407650473 0.1659181685 0.08568155436 0.8964128616 0.01630954518 0.2206696329 0.1523298876 0.243425342 0.755702331 0.7809505393 0.9458328539 
12 0.2063456907 0.7102972093 0.9415008448 0.3983048633 0.9661873202 0.408024137 0.7183992202 0.7120529253 0.1545246536 0.8977503207 0.868111566 0.8627008669 0.6552099655 0.9954107256 0.8582807241 0 1 0.4411123978 0.5272939161 
13 0.2414089539 0 0.2698932067 0.139377931 0.9840308119 0.7868270567 0.8574772434 0.0367619484 0 0.8008160561 0.03081042958 1 0.09274801585 1 0.4157400566 0.4036192467 0.7744121077 1 1 
14 0.2472695401 0.769297292 1 0 0.9429271952 0.01708314169 0.7289427288 0.9800469032 0.1232594238 0.7682398503 0.8382244087 0.9987028768 0.4985893474 0.9564318584 0.7255070564 0 0.9115636302 0.404517299 0.4909950036 
15 0.2006529138 0.1700663688 0.8601651469 0 0.9465024548 0.9133256357 0.6635516949 0.1286896312 0.2702655666 0.1659181685 0.09441811136 0.7748121512 0 0.02356954013 0 0.1429174943 0.7694215616 0.8072050775 0.9458328539 
16 0.2637925144 0 0.2537800098 0.1513885338 1 0.9903757797 0.6606978931 0.3377187272 0.1065391526 0.2685797411 0.03501075078 0.8711695256 0.07207749157 0.6729086898 0.4872793403 0.3797285438 1 0.9595088016 1 
17 0.2557295714 0 0.1952286744 0.1513885338 0.9763401324 0.9373952865 0.6494897209 0.2611283315 0.0421108439 0.4084209421 0 0.9728858947 0.122969923 0.718000659 0.4932215647 0.3995547316 0.9422150937 0.9592590811 0.9635608943 
18 0.08910136094 0.847322343 0.5627656956 0.3484892815 0.9769924621 0.01157979799 1 0.8178598669 0 1 1 0.7603410605 0.5991358144 0.9231025737 0.6519006723 0.3944250463 0.9531379931 0.4195237481 0.92787694 
19 0.2157479673 0 0.5134066986 0 1 1 0.6639252898 0.01848170579 0.3745100391 0.2021143989 0.1597771076 0.9993187831 0 0.9664893175 0.3240771131 0 1 0.6514808485 0.9313229523 
20 0.2400841274 0.7508291778 1 0.2492021714 0.9833308038 0.1534032219 0.5830469608 0.9417878692 0.3233586376 0.9220478185 0.8332449445 0.7536833223 0.6293858562 0.7576936397 1 0 1 0.3937241231 0.3684033834 
21 0.2110162558 0.7027220853 0.06016329985 0.2607215745 1 0 0.894001967 0.9285601209 0.1745012789 0.6695920899 0.794630793 0.5112206798 0.8910254945 1 0.810441728 0.5140505926 0.8462920588 0.9079526142 0.6932975899 
22 0.2284588916 0.08739558794 0.4662590815 0.05308350461 0.8907042991 1 0.6034309453 0.08253241623 0.06239983748 0.5590631523 0 1 0 0.6966417837 0.4285211091 0.0241456122 0.868495417 0.8485515875 0.7603760812 
23 0.2486608937 0.8222264093 0.9602254055 0.175755204 0.9500751944 0 0.7958519199 1 0.1154393242 0.9325738041 0.9411674906 0.9151494621 0.59441709 1 0.8571100268 0.04193043637 0.9708891792 0.4355593734 0.4909950036 
24 0.214228463 0.7095191862 0.9588823757 0.2562102265 0.9854086403 0 0.7958519199 0.999342171 0.1486069144 0.6846037442 0.8092790566 0.9757289451 0.4606409347 0.9231247647 0.692887969 0 0.9385171109 0.4355593734 0.5513701471 
25 0 0.9049611787 0.2654331759 0 1 0.1817693902 0.934737909 0.8239544041 0.1075455148 1 1 0.3256270961 0.4223597329 1 0.8526446504 0.307203897 0.9954505881 0.7086093912 0.9395901384 
26 0 0.8222264093 1 0 1 0.0153234509 0.5756482556 0.8938689892 0.07298759381 0.9220478185 0.991290528 0.8739723798 0.6293858562 1 0.8621046645 0 0.912120322 0.3228633747 0.4211356806 
27 0.2360313758 0.04871657478 0.3797955916 0 0.9777939918 0.8887427233 1 0.1817349006 0.05445652309 0.407170981 0 0.8197805845 0.04611425113 1 0.5094174497 0.1969653737 0.8554726688 0.8009636251 1 
28 0.1784834633 0.8272429087 0.788041577 0.1868738297 0.97462814 0.1534032219 0.6431217208 1 0.206610719 0.8966045078 0.7035433558 0.7061490013 0.6020322989 0.7288491887 1 0 0.9935649283 0.2334510879 0.3816030056 
29 0.2309362095 0.06673763489 0.6814577714 0.03177086259 0.9063653255 1 0.6877273372 0.09839436841 0.194556143 0.2469008403 0 0.8275129708 0 1 0.4391260582 0 1 1 1 
30 0.2446098085 0.05789958187 0.3096700901 0.1513885338 0.9763401324 0.9903757797 0.6286602231 0.2887662489 0.1651726501 0.3842320386 0.06245321602 0.952465679 0 0.6729086898 0.3657297701 0.3546662247 1 0.8870869328 0.9025714323 
31 0.2229736814 0.742605599 0.09028498138 0.1364571548 1 0 0.9512929779 1 0.01085530093 0.4025885292 0.9602704488 0.5479591242 0.6556153887 0.8032669299 0.8259444666 0.6427063005 1 0.8004579787 0.699219483 
32 0.131276811 0.5951559833 0.8226095367 0 0.9168545577 0.1682788784 0.9034581778 0.8090923806 0.3530900437 0.9491891812 0.8226494447 1 0.8771471922 1 0.9179829705 0.4652700553 1 0.4792435137 0.4485723827 
33 0 0 0.4000516464 0 0.8727780002 1 0.6698965632 0 0 0.8876532128 0.1888002846 1 0 0.8806298276 0.2443499227 0.1383151426 1 0.9943554969 0.6362899722 
34 0 0.8890792283 0.865772801 0.175755204 1 0.01157979799 0.8417494251 1 0.103082852 1 0.9054837482 0.883425331 0.528166447 0.9257221585 0.8571100268 0.04193043637 0.9743169242 0.2903653078 0.7655781503 
35 0 1 0.07348416309 0 0.9506568523 0.294085716 0.8014086178 0.81735554 0.009533562694 0.631837135 0.9998164241 0.5112167672 0.5497584842 0.9670180625 0.8803751331 0.3604337071 0.8632378123 0.5205253873 0.8489402824 
36 0.2348259032 0.1375256393 0.6836530907 0.1678649953 0.9733926959 1 0.6095947678 0.1625000644 0.0710549594 0.3703552696 0.1215978682 0.6995482327 0.01327189288 1 0.5445347733 0 0.9301726478 0.6555823677 0.8413676276 
37 0.2349519755 0.02216212908 0.4569911768 0 1 0.8811858432 0.857035624 0.2674471643 0.1155059496 0.410221846 0.09710595629 1 0.1427689126 0.614945529 0.4534428548 0.2735050724 1 0.5959549869 0.6333151617 
38 0.2510717965 0 0.5382381516 0.07031041536 0.9601052902 0.6423971091 0.9277230466 0.2106308514 0.08331909552 0.5188505556 0 0.9197376608 0.0571444793 0.5689561289 0.6162693376 0.1655279902 1 0.7518206421 0.780737478 
39 0.2569453483 0 0.761281067 0.07232966628 0.9233575961 0.8019489913 0.7399392788 0.03231250375 0.2286723819 0.1898150399 0 0.6936666294 0.007644978236 0.08212398955 0.1048801658 0.2134409614 0.8545953757 0.8259780755 0.9449836313 
40 0.2602103489 0.7876835955 0.9260121964 0.2781091182 0.9056864623 0.1616078111 0.7747961354 0.88611318 0.1832576646 0.9220478185 1 0.7593173887 0.5542202476 0.9155955962 0.8985797734 0.04193043637 1 0.4357426626 0.3509199438 
41 0 0.8221221779 0.4643882139 0.1413901679 1 0 0.8458974982 0.7587806136 0.06566489176 1 0.839954613 0.9758488776 0.7956747711 0.9646159455 0.7351405994 0.3256283519 0.9226813251 0.562260018 1 
42 0.1393014929 0.1214410577 0.8675922426 0.04217688666 0.9465024548 0.7736303703 0.7565879318 0.03103750128 0.2947755148 0.2088374758 0.3749728623 0.7187416875 0 0 0.09638969461 0 0.8945538799 0.8072050775 1 
43 0.2583248252 0.7942686166 1 0.3000188967 0.9304998967 0.3866889642 0.7471413343 0.9254600447 0.1938527181 1 0.9948007802 0.8768707791 0.6983956244 0.6783630755 0.7967774791 0.1755920696 1 0.4038489546 0.4455314426 
44 0.1943556943 0.6892055583 0.22429041 0.2563649549 1 0.001611810738 0.852797438 0.8239544041 0 1 0.8565328283 0.8274622002 0.6965210884 0.9629252904 0.9772364053 0.5179995569 0.9834068354 0.8371003091 1 
45 0.4102719247 0.8549263388 0 0.2502899139 0.9571757778 0 1 0.960591643 0.0561493015 0.6901200777 1 0.6144444 1 0.9154221894 0.8610272762 0.3368057768 0.8928229039 0.9847164983 0.5837215694 
46 0.2248928036 0.205119953 0.5336422343 0 1 1 0.981717136 0.3382051932 0.2567503611 0.1851557444 0.2215209336 1 0.03450131816 1 0.3450472907 0 0.9303139027 0.8150105433 0.8525776837 
47 0.2053204606 0.711819905 0 0 0.8306310247 0.511818742 0.980996449 0.9618574365 0.2740104088 0.5124783857 1 0.1601959518 0.6481185573 1 0.6389098004 0.1600961877 1 0.6393331453 0.5716691962 
48 0.1793519755 0.6641980495 0.9528030237 0 0.9410301617 0.2560217814 0.681127748 0.8308040895 0.421188818 1 0.8072172324 0.8923274476 0.4853878747 1 0.9126090081 0.1704570094 0.9635040002 0.3581648366 0.1356231353 
49 0.2260764217 0.06673763489 0.5638968902 0 1 0.7937405833 0.8629842908 0.2106308514 0.08110317332 0.5070400531 0 0.9187181318 0.05297532396 0.6734423548 0.5962534749 0.2663050876 1 0.844051292 1 
50 0 0.9826835738 0.07348416309 0 1 0.2367588548 0.8247664841 0.7801643747 0.1341169537 0.8824405556 0.968466066 0.5112167672 0.5497584842 1 0.9607429086 0.3654024317 0.9541740184 0.5900527259 0.8414167128 
51 0.2581300685 0 0.4834869688 0.03320797301 1 1 1 0.1270223075 0 0.389359658 0 0.8674037866 0 0.6788400753 0.5403583802 0.08996736504 1 0.9400087634 1 
52 0.256349942 0.7789695337 1 0.2843639699 1 0.1534032219 0.6917213875 0.8975851348 0.3098315991 0.9220478185 0.9561742526 0.7536833223 0.6293858562 0.8215797947 1 0 0.9904574809 0.4262958186 0.3907228965 
53 0.247768033 0.01630567014 0.5665197011 0.01703896399 1 1 1 0.1431825564 0 0.4203886575 0 0.8241250972 0.08114596763 0.5966538364 0.5403583802 0.1573500692 1 0.8432820623 1 
54 0.2393790283 0.2371893776 0.5196278975 0.03320797301 0.9533188225 1 0.563564355 0.06679708544 0.08168930671 0.3022299929 0 0.9347388325 0.1007568892 0.7719807566 0.4049774056 0 0.961254247 0.9930926663 0.8563312241 
55 0.2548128182 0 0.556072356 0 1 0.886224079 0.9088995847 0.06694780129 0.009631651987 0.4339228872 0 0.8825255961 0.0565830879 0.6431059107 0.6249940589 0 1 0.8432820623 1 
56 0 0.7395685233 0.9217462495 0 0.8247476493 0.4348462677 0.3515071038 0.7178233932 0.3150642988 0.9392938218 0.8072172324 0.8505965278 0.4544596709 1 0.9685131785 0 1 0.3928026833 0.09652485516 
57 0 0.8222264093 1 0.1962436844 0.9102894067 0.07652373953 0.761365157 0.8154940364 0.2055693322 0.9220478185 1 0.8202232709 0.4855244974 1 0.9752595578 0.04193043637 1 0.5707426051 0.4462811964 
58 0.2206575886 0.1123555186 0.1788108098 0.0406413251 0.8457814485 0.7963831758 0.6612393544 0.03005467145 0.116138921 0.588566801 0 0.9708601294 0 0.8029587682 0.280246175 0.2246654731 1 0.7417221857 0.8794463441 
59 0.2558740082 0.7753670571 0.1320778721 0.1912386647 1 0 1 1 0.01085530093 0.4289333017 0.9217849568 0.4897787728 0.6556153887 0.738235344 0.8259444666 0.5016324024 0.8985648854 0.672092783 0.7079010652 
60 0.02124064157 0.000692482016 0.492870836 0.1968184285 0.941434487 0.9051957202 0.5191252514 0.2228216621 0.06864409373 0.6582327907 0.06935499685 0.9959120889 0.2064545496 0.4678044416 0.6347289021 0.02660960967 1 0.816365701 0.6159363782 
61 0.2397660444 0.1460302526 0.5715149425 0 0.9542030362 1 0.6877273372 0.1270223075 0.217048715 0.1883839778 0 0.64846134 0 0.960489412 0.4732267419 0.03338196132 1 1 0.8503430199 
62 0.256349942 0.7789695337 0.8881456484 0.1868738297 1 0.1534032219 0.5756981647 1 0.3098315991 0.8966045078 0.9561742526 0.7536833223 0.6020322989 0.8215797947 1 0 0.9904574809 0.4262958186 0.3907228965 
63 0.2419608151 0.7395685233 1 0 0.9068116112 0.3124671395 0.543026348 0.9936660387 0.4207405358 1 0.8226639008 0.8436596567 0.564815103 0.9884100232 0.9651951362 0 0.9739390347 0.3090218537 0.2897834459 
64 0 0.8765475446 0.1879498083 0 1 0.03220676527 0.8124799218 0.8518998126 0 0.93175574 0.968466066 0.364315282 0.4264031206 1 0.9175017705 0.3330220327 1 0.6256448005 0.9395901384 
65 0.2509184955 0.000692482016 0.4663688931 0 0.9717517964 0.7675747324 0.7388213086 0.1989893516 0 0.6006710405 0 0.9866326944 0.1151597728 0.4138216902 0.5437139777 0.2406189744 1 0.9017405669 0.6370687021 
66 0 0 0.7463548225 0.13972581 1 0.8357754559 0.7776862144 0.2401719866 0 0.6814067106 0 1 0.03062945342 0.8178542127 0.5359509235 0.09259291224 1 0.7362274764 1 
67 0.2531058832 0.009301219741 0.4472204244 0 1 1 0.9191973352 0.1077080613 0.1517931336 0.3278705692 0 0.7745006672 0 1 0.3695257351 0.07684011311 0.611018303 0.8510724494 1 
68 0.2555014997 0.006883755528 0.6578873979 0 0.8733445573 0.7787503009 0.8366473299 0.006134152454 0.04029318308 0.2139983064 0 1 0 0.2093652788 0 0.199394287 0.868495417 1 1 
69 0.1717443132 0.7207594674 0.8249901738 0.1595117784 1 0.04791993337 0.7867653537 0.9596681701 0.02869144318 0.6621859574 0.6853275523 0.992543466 0.5825061619 1 0.6887836626 0 0.952419829 0.5100672067 0.638072637 
70 0.2315499811 0.7323537701 0 0.5234206367 0.9261227044 0.5345544441 0.3516906156 0.9597165776 0 0.9334729982 0.849733728 0.6941849966 0.6014131547 0.9457745973 0.8556968863 0.5558991715 0.5455688618 0.8731704302 0.816625576 
71 0.2853302149 0 0.7061164965 0.04965880479 0.9074929514 0.8493452062 0.6503407938 0.01646678818 0 0.5207443044 0 0.9928761269 0.2590359669 0 0 0.3675294647 0.8177549821 0.8827504277 0.471030499 
72 0.2363130769 0.07114057704 0.4737192439 0.13972581 1 0.9656283676 0.6559153192 0.2401719866 0.02132660534 0.6700604924 0 1 0.2188574455 0.9564847923 0.4971932131 0.06394399164 0.9879819356 0.8036076427 1 
73 0.2571832559 0 0.1952286744 0.1513885338 1 0.9903757797 0.6841079755 0.2611283315 0 0.4230814871 0 1 0.0890222574 0.6801074311 0.4932215647 0.5435502023 1 1 0.8545152791 
74 0 0.8552518649 0.213649208 0 0.9542030362 0.1348844449 0.6785015444 0.7613983558 0 1 1 0.3117472877 0.4956741883 0.8930879574 0.7655883234 0.343097857 0.9461781519 0.5934392034 0.9395901384 
75 0.243266513 0.05310992383 0.6106170577 0.07660086416 0.9913064709 0.8148761438 0.8806006179 0.01855313582 0 0.2321061812 0.02511328997 0.6562191939 0.08122052663 0.1171205606 0 0.02919241876 0.995145082 0.7473812998 0.9026955657 
76 0.2477794272 0.8031488388 1 0.1562839729 0.8797697088 0.2632629228 0.7203382434 0.6737677577 0.2581150986 1 1 0.7275437118 0.6279768775 0.9072004176 0.7046555616 0.1115091951 1 0.3715241398 0.6812493936 
77 0.1755329845 0.6559557954 0.912775001 0.1513885338 1 0.04731648857 0.8061925097 1 0.1846974731 0.7682398503 0.8005424996 1 0.5301628678 0.8778631449 1 0.1235106516 0.9320637253 0.5614086471 0.4909950036 
78 0.251377794 0.01630567014 0.7199196351 0 1 0.9977749743 0.8172030441 0.1023524465 0 0.4251365568 0 0.7924513521 0 0.6431059107 0.6419399571 0.1573500692 1 0.7445186817 0.8413676276 
79 0.2251474084 0.7397500172 0.1719252329 0 1 0.01696861088 0.6848769745 0.641814271 0.05199445565 1 0.968466066 0.3117472877 0.481236605 0.999064017 0.9020025247 0.3330220327 1 0.617225374 1 
80 0 0.7754990428 0.284735509 0.2616642325 0.9815273469 0.1911704996 0.7760886391 0.7178233932 0.1154393242 0.9051158516 0.9012011883 0.6494726657 0.7278200273 1 0.934540779 0.3488256934 0.9904574809 0.7427616593 0.9123719303 
81 0.2079205517 0.1992639414 0.7533816595 0.1618367931 0.8442819275 1 0.6159224039 0.0123411603 0.2343684682 0.2004835034 0.004786390412 1 0.008664566943 0.05779748303 0.06529894359 0.1750715662 0.6780870195 0.6763939786 0.8424621089 
82 0.2358334051 0.04868441848 0.5972978126 0.1089333925 0.8305159107 1 0.7209801104 0.1431825564 0.1882096968 0.3395878921 0.121379933 0.7554366791 0 0.9812300967 0.3755480325 0.0474141579 1 0.8977213461 0.8284806627 
83 0.1834387565 0.6538530216 0.9315443966 0 0.967339049 0 0.8163398482 1 0.1890891822 0.9548280518 0.7212392105 0.9767512079 0.4194286346 1 0.8894975087 0.02052769078 0.9247978802 0.4093048352 0.5607708832 
84 0.2476676017 0.770779134 0.1987686416 0.1478652138 0.9405065816 0 0.7915070811 0.9250678877 0.01352703847 0.862780179 0.8912725938 0.4322870657 0.7324150565 1 0.9032301985 0.1885662496 1 0.8458941466 0.7896386835 
85 0.03297567149 0.8110855515 0.1320778721 0.1912386647 1 0.1853972272 1 1 0.01085530093 0.4154931456 0.7727264241 0.4897787728 0.5661886333 0.6334132379 0.8259444666 0.337208161 0.8644521309 0.5862174537 0.7079010652 
86 0.2150757734 0.119413952 0.2067070892 0.03620742161 0.9456171834 1 0.8131220668 0 0.05173544481 0.2907865306 0.004786390412 0.8241250972 0.1326322919 0.7817364902 0.5016006698 0.1559367145 1 0.7278776282 1 
87 0.2631537614 0.8036868659 0.08127236374 0.2495420077 1 0 0.992928706 1 0.01904976341 0.709945202 0.9752044564 0.4896957708 0.6884161465 1 0.810441728 0.5419488626 0.7598313449 0.7650153114 0.7188046416 
88 0.2592815787 0 0.4683455359 0.05229142907 1 0.818950488 1 0.1533149862 0.1099254462 0.3065520258 0.03501075078 0.6458365715 0.05722646228 0.895009066 0.5199085295 0.2674717204 1 0.7820520377 1 
89 0.2535601979 0 0.6437237909 0 0.9928520008 0.8515174906 0.7337489666 0.1264375902 0.2342526037 0.2148076463 0 0.7896224767 0.08327830672 0.9956940524 0.5487048367 0 1 0.7543457483 1 
90 0 0.8393790145 1 0.18832629 1 0.164739818 0.6243581386 0.8938689892 0.1154393242 0.7257191939 0.8284798611 0.6899947343 0.6293858562 1 0.876403382 0.1085848512 0.9211899088 0.4357426626 0.3399926239 
91 0.2017416993 0.92830975 0 0.244887371 0.9777939918 0.2009778858 0.9011720724 0.8567286282 0 0.5864682951 0.7791212567 0.4232831246 0.5314220044 0.7640829032 0.8095111624 0.435821862 0.8815307815 0.7589780551 0.8386357438 
92 0.2390994032 0 0.2763760396 0 1 0.9834818764 0.5024448602 0.4028270471 0.1504121254 0.1976998214 0.09441811136 0.8085091924 0 0.9026011658 0.2593215249 0.4786534844 0.7555456341 0.8072050775 0.8655308932 
93 0.2192748057 0.000692482016 0.5980476345 0.1065459155 1 1 0.5052284167 0.1153808077 0.1229287635 0.3405318277 0.1544764486 1 0.1718506325 0.7160595796 0.5025833733 0.07527257964 1 0.9642152161 0.8787497188 
94 0.237560643 0.1461296845 0.7463530804 0.004508931973 1 0.8737107888 0.6635516949 0.1286896312 0.2136848667 0.06569828905 0 0.7375669929 0.01630954518 0.1164106994 0.02011231142 0.1850781089 0.8061994432 0.8532851092 1 
95 0.1924043916 0.6797904175 0.865842201 0.3891587211 0.9130260582 0.3748247805 0.258781888 0.8938689892 0.1964995451 0.9553251984 0.7782718803 0.8872850722 0.4449282863 0.9009173889 0.9507254127 0.05271541167 1 0.4210948232 0.2683884528 
96 0.2145536662 0.275704291 0.5985091397 0 0.8375045393 0.9928842906 0.5601358694 0.1838407465 0.2514514912 0.1308690077 0.09710595629 0.9993187831 0.03835374615 0.954258128 0.3959517694 0.1295781286 0.9906090886 0.8620047999 0.7177236668 
97 0.2579597135 0 0.5665197011 0 1 0.9977749743 1 0 0 0.3028746263 0.05960388308 0.8241250972 0 0.6454448246 0.6060725182 0.2388067282 1 0.9540442492 0.8825055835 
98 0.5468228708 0.8552518649 0.3230539697 0 0.9542030362 0 0.8014086178 0.8239544041 0.09445534861 0.9810709244 0.968466066 0.1122778082 0.4415898925 1 0.8249141676 0.3056103582 1 0.617225374 1 
99 0.1628407508 0 0.2153403721 0 0.8873021063 1 0.7133181809 0.08986770676 0.1205215241 0.8863339198 0 0.9503912716 0 0.7181635262 0.1844169104 0.514757084 1 0.9212597117 0.6362899722 
