0 100 18 0 0
0 0 0.2184182975 0.9563254034 0.961054849 0.44884638 0.7611081506 0.9446870414 0.3551052852 0.2545289026 0.8672658237 0.1366989441 0.4991533568 0.2704671655 0.7416508588 0.9259834098 0.003168988043 0.2611820401 0.6865479232 0.8109455844 
1 0.07807428929 0.5624361828 0.8649239749 0.7772461762 0.176482746 0.1455119234 0.6188970146 0.802124143 0.3004717428 0.02858085978 0.358510364 0.4836879831 0.3439322935 0.4700571175 0.2499739231 0.3117252785 0.1667562566 0.6724040237 0.09442575699 
2 0.06207888554 0.01369779697 0.21887373 0.6107806357 0.3901436624 0.1445340771 0.1842337694 0.4169622149 0.8839464927 0.4887036213 0.6417634132 0.1176849492 0.9309419482 0.3413228827 0.6136899686 0.2873030711 0.7027166033 0.5579511773 0.4854362856 
3 0.06212362588 0.7276521859 0.6502890161 0.4074943878 0.7581754046 0.6540256127 0.2084727088 0.8008168506 0.3288087739 0.2890634044 0.2886385719 0.1484775427 0.4620609812 0.8589106863 0.7119041531 0.9731010455 0.9092710157 0.1179615995 0.5806035779 
4 0.2198257551 0.2043343141 0.2468166823 0.2479790562 0.7839976478 0.6484670684 0.7860185442 0.613673088 0.003589359114 0.3263586254 0.1094162851 0.9595039286 0.3825287574 0.1608254365 0.9931119964 0.2333242112 0.4800176297 0.6563019579 0.4670057657 
5 0 0.9659049385 0.9643014851 0.01505984087 0.1107455437 0.3003523882 0.02258850216 0.6449558128 0.7723455298 0.8113187304 0.8339015296 0.3830077976 0.2120541112 0.993446304 0.8520312299 0.08888137158 0.8292122161 0.5697162485 0.220987883 
6 0.07341984369 0.1433501477 0.2859325448 0.6682796472 0.7760306088 0.7464423411 0.4564273327 0.1741805557 0.4525997198 0.8434914047 0.5600389631 0.5748532911 0.5592630378 0.5338759369 0.8528713257 0.2083715416 0.1004989972 0.08664573035 0.2547899225 
7 0.05373091617 0.2542275429 0.8023135619 0.4840352719 0.1808150081 0.9578409265 0.4324510123 0.2041633912 0.3741165401 0.7766899545 0.8280646721 0.2829440386 0.4404574579 0.7684946171 0.08902936712 0.3165732414 0.6464683333 0.1932772641 0.4109777945 
8 0.2050490499 0.3037924055 0.8389600682 0.4018666644 0.1730279965 0.0815375131 0.4009826777 0.315863392 0.7160292979 0.3044097029 0.2138769078 0.6291896187 0.7899213316 0.2078199867 0.830516796 0.4957906164 0.7528894044 0.8122201538 0.984124531 
9 0.0752253894 0.1809930337 0.9499166789 0.2496226617 0.4080758078 0.5301017983 0.4209232886 0.4577122053 0.7690351502 0.1737692343 0.5395207948 0.7259978171 0.8453121571 0.1614245168 0.06185344423 0.5708372167 0.06110137285 0.9307734542 0.5094450826 
10 0.234687428 0.2435038217 0.5687306647 0.6562816862 0.1263004328 0.7313737021 0.1978103687 0.5988668174 0.1545992797 0.3500939674 0.02931083694 0.6272363843 0.9619102445 0.8254797383 0.8379621635 0.6300825633 0.7976418016 0.965758712 0.5066728366 
11 0.06792228445 0.650364912 0.6830751815 0.4445759186 0.9874635702 0.3002242522 0.869006473 0.3917924577 0.8558371225 0.05451735484 0.273182823 0.383705897 0.945010371 0.7893056487 0.8600371694 0.644705334 0.5625493315 0.7666143094 0.4866981434 
12 0.2003722948 0.9356963061 0.2478173428 0.06607961052 0.6000140741 0.4365426197 0.9718091083 0.1956825732 0.8370081651 0.596231167 0.8572240494 0.3645990362 0.8160017937 0.5421475505 0.8738815681 0.3275157657 0.5574743126 0.4707724082 0.2718640833 
13 0 0.2196472926 0.6120469922 0.673798336 0.5286336548 0.7458367184 0.2777253968 0.7307441387 0.6167391365 0.5346663839 0.1379140053 0.9206864982 0.9779760446 0.8433820917 0.7228144322 0.3421622591 0.7210883981 0.332707171 0.8094232938 
14 0.07115514556 0.977299395 0.470931879 0.9520903262 0.7821125895 0.9662912255 0.4566269724 0.5295250637 0.7277458225 0.2240388259 0.4205475801 0.1431783485 0.3985031757 0.64287326 0.770881262 0.2013710314 0.4429254366 0.2478134154 7.201218981e-05 
15 0.203485508 0.2103088746 0.6612552268 0.7165964659 0.836802239 0.135230674 0.821938014 0.312201982 0.1787122102 0.6161174288 0.08562600104 0.116199547 0.965786654 0.976294124 0.5753424426 0.7804334945 0.7457419852 0.6855444874 0.9461998692 
16 0.06030174724 0.7812024233 0.6691281412 0.03666934838 0.3017382842 0.315342602 0.9631118346 0.02060384351 0.288797849 0.8254480161 0.3048064105 0.8813408864 0.6962779093 0.3428216909 0.8041586074 0.4937146835 0.8626848021 0.1434686981 0.2784087627 
17 0.1070466438 0.2160740752 0.5569816313 0.1902780725 0.003563909793 0.8986318926 0.3062186848 0.6174353257 0.235518877 0.3657663867 0.4356607936 0.1509588571 0.1655113423 0.7491301753 0.6308568076 0.8103659627 0.8207352272 0.09696410787 0.6757609968 
18 0.08338348273 0.5150739348 0.8476223489 0.9888172233 0.05107271813 0.3791736739 0.7719366652 0.9395317295 0.7097781853 0.2419608926 0.636721365 0.3759812971 0.1176595768 0.5045065663 0.241860326 0.9464995279 0.8175649582 0.8142517264 0.1287657186 
19 0.07656438136 0.1654326069 0.4258241818 0.8270241967 0.7956732599 0.8804792147 0.2141607461 0.3996590843 0.07023054085 0.3647001029 0.5146291514 0.3721483552 0.697405456 0.2934982992 0.8259150124 0.1536138706 0.7883226591 0.3389316757 0.4246733647 
20 0.08570631649 0.4852404373 0.4360299764 0.3558139751 0.1654802785 0.2270409084 0.8765475652 0.1349276542 0.7290847459 0.7273235795 0.1274002363 0.2157708827 0.4612247802 0.8048802688 0.6226774015 0.3390864028 0.025172384 0.07225791974 0.4388570089 
21 0.1490524369 0.8697487073 0.8665241696 0.6717188883 0.5793556173 0.229860358 0.2630377003 0.874629422 0.8966961018 0.7713833902 0.6406389203 0.2183336705 0.534000186 0.9411266506 0.5156172656 0.9793830425 0.4907959409 0.8073779497 0.601201163 
22 0.08096552417 0.3879457598 0.2043842274 0.08570955046 0.5204145459 0.6072730891 0.4388076791 0.04066227984 0.4109372233 0.6219121575 0.4776303067 0.5325650999 0.8216340341 0.2032107404 0.3629146565 0.5066310887 0.9487074287 0.9257547822 0.1606251673 
23 0.06976683187 0.6271862372 0.119088539 0.5210746008 0.7008149804 0.5973757271 0.09384488505 0.25098304 0.2719526986 0.7090053627 0.2531306368 0.3666120509 0.6487386872 0.3511162542 0.2108836324 0.3212097554 0.5723591776 0.6406970912 0.1960115448 
24 0.07739883265 0.3660328185 0.9135805764 0.5487472748 0.7954478081 0.09131123223 0.6678800796 0.06049707023 0.7742592752 0.9756380515 0.5487316612 0.5330296469 0.6292747919 0.2214268801 0.521573677 0.08878884515 0.2741204706 0.1427499895 0.1990730521 
25 0.1145524415 0.8207870903 0.9686259841 0.696915442 0.05783340664 0.00606532302 0.9398840037 0.6304500092 0.9733045623 0.3297778742 0.5767317822 0.131063595 0.7858413257 0.6351604334 0.1414045618 0.5864695728 0.7941096503 0.6008930298 0.2091511307 
26 0.04762887921 0.2030542247 0.7323545528 0.6829693484 0.6658378451 0.7366633321 0.100622376 0.1602735711 0.717909607 0.9067644057 0.9893672075 0.2946565758 0.2930693809 0.6170854194 0.3546441409 0.504075425 0.9956676462 0.1861292027 0.2735095649 
27 0.04459307267 0.8752578943 0.4594301509 0.6425462042 0.2740542918 0.03048204306 0.3116977216 0.7036073765 0.5291772874 0.8826688993 0.01619083109 0.1192981527 0.04405211194 0.3838453215 0.2883192437 0.7815291704 0.1607662286 0.9980047978 0.4666373839 
28 0.2517392998 0.7745111756 0.2093281551 0.1783032833 0.7432816945 0.3354390456 0.7240394679 0.9313362301 0.9680193039 0.5004398215 0.8920801165 0.1905180347 0.03660938471 0.2939288883 0.06282561834 0.910167458 0.184465929 0.3188690465 0.2320653616 
29 0.1910873528 0.3225318549 0.7928850361 0.01880192292 0.003918494565 0.8581381607 0.7280671209 0.6241005667 0.2582239663 0.9702024441 0.192478113 0.9796446208 0.8871414768 0.1868005512 0.5568643899 0.2198017785 0.2084919523 0.1242415603 0.1279037903 
30 0.07723877839 0.6790031142 0.005340308419 0.7545636006 0.9504359895 0.9776757499 0.7963287364 0.8970722435 0.09319577044 0.341313868 0.4621792862 0.8472624076 0.9392842296 0.5500472712 0.6444872234 0.8967640604 0.9135637199 0.265440534 0.2590548137 
31 0.04674104192 0.9342530942 0.9917545826 0.4192699871 0.6706733846 0.007575703323 0.3248457449 0.6824347673 0.6811346298 0.8297238247 0.1683211891 0.9742249236 0.7982914871 0.8850230127 0.5817745126 0.8842328782 0.3019833268 0.4337737655 0.4356774722 
32 0.07556216208 0.4312759249 0.4544692661 0.2649552348 0.1026319098 0.9345083544 0.2819119404 0.09398306212 0.5733250694 0.8744417847 0.7430762615 0.8827266776 0.9872710761 0.06497538046 0.04121942727 0.7749141193 0.9816028709 0.7994503872 0.3626568897 
33 0.04905506609 0.1743443851 0.2060807791 0.5996537216 0.3800989419 0.3229167309 0.2614966246 0.973769072 0.1367925225 0.0719248704 0.8412968399 0.6759885283 0.3391944824 0.8416648627 0.8613481605 0.6785331539 0.106718008 0.6095602967 0.8799064517 
34 0.1269845092 0.5877343833 0.05178077801 0.2795359722 0.1610843922 0.3453794207 0.7919239904 0.8665062542 0.3706149838 0.9260323853 0.8262995485 0.6165122095 0.7207044636 0.8799205012 0.8238637703 0.6783868455 0.6477119185 0.09421465457 0.4656993833 
35 0.0585759026 0.00953469519 0.2496220615 0.3979876178 0.9778928817 0.4456629792 0.257692156 0.0320661259 0.9353780574 0.8990104943 0.6693777738 0.2322450337 0.342281649 0.7276755598 0.04313362112 0.946770234 0.3673229843 0.5973975102 0.4599546126 
36 0.09679093065 0.4571745891 0.7333196601 0.9035266097 0.5717295406 0.05838929259 0.3488405847 0.9637066373 0.01745226328 0.3201889714 0.4160420757 0.419166058 0.9239373351 0.6147911826 0.7954063242 0.3940913004 0.4924855574 0.2047640035 0.4686067428 
37 0.05757525665 0.873525951 0.3506584369 0.5163495631 0.2871078608 0.4218165197 0.4702458924 0.4227135835 0.5471984248 0.7639262233 0.3080346027 0.1375675137 0.09720252785 0.6828855368 0.2572166004 0.03940217245 0.2323124251 0.474929461 0.1394512151 
38 0.05049343049 0.7565723307 0.7111624594 0.5074557483 0.8087612841 0.8509024055 0.116729206 0.8677651462 0.5288129582 0.7593880281 0.03458771111 0.3156606584 0.3086863925 0.09219917706 0.5915688228 0.4972045023 0.5160709077 0.603745885 0.1570893438 
39 0 0.200601807 0.5145695361 0.3701930835 0.8351540034 0.4333349245 0.06007577668 0.6935786524 0.976411378 0.5460300485 0.1270257319 0.9214760167 0.2474129439 0.2693474909 0.9232790228 0.550535565 0.851241508 0.816024349 0.9212333983 
40 0.107166529 0.1697258587 0.5825069265 0.1939142887 0.1174509414 0.997972257 0.9197228737 0.782337943 0.753807844 0.2484343407 0.4359640947 0.2485392523 0.1992137833 0.1860567551 0.05588303556 0.2261785805 0.3834030476 0.855021554 0.3472577065 
41 0.06919489459 0.3602731188 0.1103070719 0.9309570035 0.5943572273 0.3619184254 0.7629749588 0.3201318203 0.4555039501 0.6548894591 0.7271390165 0.02545008577 0.7395914913 0.3141940675 0.6596929373 0.4591980378 0.7414220095 0.07971423728 0.757186029 
42 0.06401667121 0.02558929102 0.07921414407 0.3521193738 0.07031524278 0.7882853657 0.7121412408 0.9578343429 0.3218018037 0.5229146232 0.6260713467 0.3811248207 0.5648621389 0.6379677321 0.3236734175 0.9791275328 0.1964436491 0.62841043 0.6940967816 
43 0.06659945838 0.6846089674 0.2229144579 0.5232937683 0.9983638087 0.5005332918 0.4630359125 0.2445808599 0.670512305 0.3003093546 0.2993224134 0.7118023502 0.262100198 0.1180271567 0.6824233214 0.4887624734 0.6308912656 0.3895016352 0.3539822452 
44 0.07919599 0.3795958959 0.8682230682 0.2251079605 0.3894922549 0.1963278629 0.68239154 0.9546127715 0.1768504945 0.3262618241 0.4824784698 0.01564251539 0.9037561761 0.4300513218 0.8725659921 0.2166295141 0.8922435785 0.9378240886 0.009456856646 
45 0.1973303861 0.9413896552 0.9359349706 0.2590507265 0.8655610512 0.48458805 0.4713570813 0.09846549253 0.9095329367 0.5200673433 0.7718382528 0.2855146766 0.6451697967 0.3687735164 0.9764907951 0.8807938466 0.5021801845 0.142360413 0.6514620924 
46 0.1805640513 0.1233864241 0.7556297196 0.868697097 0.1921092492 0.7801505657 0.9905574187 0.2985355217 0.486514 0.8407977143 0.2871850684 0.7194441956 0.6985956057 0.2963441644 0.6563715966 0.6374236358 0.1790461727 0.2290251079 0.2249887289 
47 0.1459308891 0.3855660587 0.2087493815 0.4508541461 0.5056340362 0.1912455834 0.2645208893 0.8025859831 0.06261781606 0.4176345232 0.1834314648 0.9326288686 0.6933942585 0.8773021995 0.8180677531 0.2647269761 0.2662865735 0.4784407609 0.1538677347 
48 0.05275834695 0.0550165619 0.6633558975 0.02256910876 0.3190110122 0.6180827313 0.1164652738 0.4318573137 0.225871293 0.2188211052 0.7263148193 0.173167815 0.4314674942 0.6741749685 0.8586950283 0.08734036893 0.929580606 0.4612454076 0.1515649479 
49 0.1709375674 0.3520787793 0.3880436762 0.850066197 0.0625735666 0.6739337843 0.8051131604 0.5368872855 0.4646082327 0.6705671082 0.2213869264 0.8500711945 0.1465661615 0.3374761368 0.9614309575 0.770103088 0.1226001401 0.5405547812 0.1042081402 
50 0.1174049533 0.4262126253 0.3555936 0.4616353737 0.7057265787 0.1466081213 0.04269461801 0.5684449619 0.8544754381 0.1686874983 0.130783517 0.07856979178 0.5224904802 0.4975011705 0.5021724992 0.01319401479 0.7518065776 0.6131489173 0.193852455 
51 0 0.07821084656 0.4896980904 0.3558045618 0.00727022393 0.1906535943 0.3149593926 0.5225108217 0.8393804589 0.4673719571 0.1204834604 0.9655193896 0.4843807931 0.987988825 0.128180944 0.3371250491 0.06070072253 0.1970436071 0.7119045838 
52 0.06417444483 0.980340437 0.5817250482 0.05288462995 0.8319756071 0.01402892033 0.7840640358 0.7642490546 0.733860751 0.9976424673 0.3769472895 0.3530947661 0.463733522 0.9693037793 0.08861852302 0.4115163448 0.3552075924 0.974005708 0.1139342418 
53 0.241587204 0.8928011595 0.3090873343 0.8308283313 0.7317646992 0.7692995811 0.6180591083 0.7194335613 0.5198648109 0.3678763389 0.8976286286 0.4443608999 0.373645391 0.8580869333 0.8670882386 0.1520269369 0.1167292907 0.8691895455 0.4686904002 
54 0.06443341994 0.2795566676 0.5089117212 0.2792978675 0.1592583042 0.6543193281 0.1449472928 0.1291503646 0.6301779689 0.4011239882 0.6908690602 0.4362947994 0.8066936521 0.1002106616 0.2405891904 0.5825228265 0.4611456671 0.4752270898 0.1416986064 
55 0.09151282576 0.5284773999 0.1196593815 0.1152250167 0.5868549843 0.2717215634 0.8243165434 0.2881456829 0.8644926464 0.5279072959 0.5379215873 0.8481170078 0.3025501493 0.9603591356 0.7559924362 0.9648752515 0.6583520294 0.9225572985 0.4205162872 
56 0.07602106358 0.6172385079 0.9276021667 0.2096164316 0.02336587432 0.7102496963 0.1666450026 0.8025591857 0.6122337443 0.8125402484 0.3639551072 0.9934870698 0.5371829004 0.4330065769 0.5415384581 0.6368653549 0.796019894 0.7063580541 0.7598144257 
57 0.06317119267 0.2010531673 0.1005831692 0.5013245849 0.7622991049 0.9610568727 0.4828597808 0.4243354208 0.805417301 0.6485786245 0.6609426959 0.4638896056 0.5926010122 0.8452128665 0.4926469314 0.9169766176 0.6260121808 0.3867219954 0.6365762444 
58 0 0.9369402756 0.1552114879 0.6394764174 0.6801471746 0.2335634498 0.5009009268 0.6418761791 0.01294200821 0.5163320617 0.9929615986 0.7055869469 0.7998165143 0.5161553726 0.02334752587 0.4018672683 0.1831787974 0.6860487348 0.4210855646 
59 0.07611441814 0.1850844967 0.7151362215 0.2944743704 0.230744138 0.1167273969 0.8373597017 0.504506022 0.2327113004 0.1788251885 0.5149433122 0.6522475079 0.3238651838 0.2021437894 0.4306678271 0.2341701776 0.6981748369 0.2244838598 0.9002321604 
60 0.0550045027 0.2019201369 0.6717409355 0.9499028963 0.0179777844 0.1526223464 0.1237754697 0.2943186184 0.61301928 0.01503821137 0.7472185179 0.5016309263 0.9109778651 0.8049781005 0.2669349719 0.3760729769 0.6585229829 0.795773981 0.5732994064 
61 0.06142129091 0.4431227485 0.5640339034 0.7178151872 0.3198506428 0.7297543584 0.9815016999 0.09906992274 0.06819154092 0.09522832562 0.5024686947 0.9913518415 0.650399742 0.268464123 0.07651566299 0.9987477921 0.9541417304 0.2600631911 0.8820522399 
62 0.1756112469 0.6519961174 0.09874495449 0.6064501841 0.6082435831 0.74990038 0.5756872155 0.575030336 0.5348564566 0.3324657568 0.7519751996 0.4471789689 0.7369303413 0.5882468566 0.6649192863 0.2984455946 0.9751090477 0.6577648705 0.05417873014 
63 0.1272026369 0.5819175349 0.2880082798 0.5551580426 0.5412221037 0.3198961766 0.4950402237 0.1410397031 0.4542901197 0.2540414116 0.6740041998 0.9885854144 0.1550591426 0.07900927685 0.9089160445 0.1519594449 0.982390983 0.04525165122 0.5445020965 
64 0.1075748295 0.4467359467 0.2910556762 0.7727498467 0.606673409 0.3599858677 0.2824781459 0.6101984929 0.6060707437 0.230989203 0.2355342262 0.6237391702 0.1842335687 0.4135890498 0.191159803 0.8228097553 0.9635565542 0.4950056246 0.5595326408 
65 0.09509330073 0.06509329428 0.0229969984 0.5105521556 0.8500784528 0.2685557791 0.6169799243 0.5815880115 0.7497093788 0.3655296836 0.4573920772 0.3886410754 0.8905544518 0.5486713753 0.5198044034 0.3526084131 0.2895995445 0.2995444715 0.4439317535 
66 0.1660383569 0.1609808771 0.6056010135 0.336233129 0.07019826494 0.8222387968 0.3674573723 0.856056373 0.7394615778 0.1307387869 0.3267922398 0.3971748121 0.3170670822 0.9464503284 0.9906699141 0.1892454602 0.6484492024 0.4857442349 0.9033553991 
67 0.06025760555 0.6941927023 0.2967471184 0.4288184924 0.1524020788 0.4217384562 0.1582333498 0.4279092631 0.8709856495 0.6558105762 0.2083548266 0.8195714726 0.5377403314 0.8017497318 0.00774215069 0.1223266521 0.9440420251 0.5143159891 0.1088289382 
68 0.04360117779 0.08796350709 0.4026635952 0.5670450416 0.3260145752 0.3269659687 0.3170366554 0.4350675346 0.1800548514 0.1818879145 0.9901791923 0.9416844863 0.8911615354 0.7519246315 0.5972822255 0.5223647223 0.3838884092 0.01249319129 0.9730660575 
69 0.07700517344 0.3212289351 0.8947116746 0.4191151319 0.06802211379 0.2476664815 0.5305551088 0.0397137562 0.4691004504 0.1712696046 0.5282436779 0.191495081 0.4578269275 0.6971707864 0.3494073373 0.4891180519 0.6070990058 0.5129899688 0.8224050504 
70 0.05088174326 0.1616825099 0.3979437632 0.240828904 0.6113890203 0.6152637944 0.7385919712 0.5152602915 0.9797196737 0.1485565422 0.789804526 0.2446691744 0.1548145405 0.9679818586 0.8710979903 0.5439221601 0.6997443655 0.6035510244 0.8820668635 
71 0 0.8977754176 0.9114438025 0.6359883969 0.05698650705 0.7722240718 0.7699746628 0.9641579357 0.6024249893 0.9567946498 0.8476793253 0.9464204604 0.4886787634 0.2239761694 0.3674782907 0.2076325329 0.6799805452 0.4330224322 0.808018505 
72 0.1997674367 0.3670138416 0.4016353127 0.2846999156 0.9514810727 0.5423884525 0.9227206562 0.1660692343 0.1256214358 0.319470762 0.345096233 0.03238796258 0.344487081 0.7943699741 0.9761543269 0.2257724745 0.5579794583 0.9607551698 0.4121394849 
73 0 0.8283218871 0.6059564946 0.3108051579 0.7022888766 0.3691492632 0.2916664143 0.0374244489 0.9927125787 0.5203107635 0.8630023458 0.4804264235 0.5268993506 0.5973853122 0.2549428699 0.8248141789 0.6519047612 0.563320875 0.7339455289 
74 0.1263432297 0.4225034283 0.01511884621 0.1024482716 0.8481013732 0.03977980141 0.5791222288 0.307299738 0.7866959217 0.9983559158 0.3678763329 0.8975268858 0.7343696541 0.5507762025 0.8956352183 0.9411141523 0.3055575147 0.50514928 0.04394822616 
75 0.07129040665 0.6378371244 0.1285490203 0.5233847138 0.5268850306 0.3567088048 0.2048818912 0.4499460372 0.2430478513 0.9052359759 0.3010475674 0.7064656004 0.5673457117 0.3793759841 0.1721654009 0.5838928332 0.4868483951 0.4609760905 0.6251529812 
76 0.05177500639 0.9461550265 0.02753088997 0.7116677424 0.9997472889 0.752684188 0.3631470475 0.4124276258 0.6711070047 0.2954281467 0.2608623562 0.3136202047 0.01478069043 0.4190641373 0.2109564162 0.5444869234 0.1917215307 0.2637668193 0.1289314437 
77 0.05000436415 0.9507748154 0.6723220296 0.7163508314 0.7084237601 0.4781363064 0.03690142279 0.2022128902 0.5920462406 0.5211661065 0.2387513245 0.6935103762 0.8288934644 0.2124569212 0.7634748517 0.7218331367 0.8495290968 0.03552969361 0.1475604224 
78 0.06056267664 0.04801889837 0.05362493221 0.274235713 0.07962768016 0.3024205111 0.7815292393 0.1619245313 0.465597443 0.2962250688 0.6547307003 0.05887929213 0.5842628598 0.7058848942 0.8074171421 0.2599075317 0.2658848293 0.7263267724 0.3740628876 
79 0 0.8749513411 0.3071903928 0.9489313713 0.6895575019 0.3929344618 0.04949901721 0.9299822407 0.2115201993 0.01998958132 0.9648932842 0.9614281789 0.7234031426 0.2366182898 0.8435972435 0.338870953 0.4041069869 0.8261287803 0.7464104219 
80 0.1931922716 0.9199610254 0.7849544942 0.7301845391 0.21154858 0.4969833086 0.7984672458 0.8389999996 0.0729934811 0.8014368493 0.7491263816 0.5670953773 0.1720059603 0.9041753043 0.4743393275 0.2210777999 0.6545829199 0.5751340494 0.2779688971 
81 0.1226988464 0.8232543673 0.4361504439 0.3805113553 0.2543484919 0.8351034079 0.5829764253 0.08478065724 0.9085061955 0.2636274995 0.7873835041 0.5545536259 0.3827904642 0.5593310504 0.6769641254 0.736056364 0.8993100593 0.7041672085 0.9382732021 
82 0.07538950095 0.5577082581 0.4026933659 0.06740048112 0.7998861441 0.6864245416 0.7372707854 0.3100897695 0.6787551789 0.838291739 0.1692580176 0.7195024326 0.6773848243 0.8067427132 0.924781274 0.7988723781 0.6480586509 0.9217448579 0.7658263611 
83 0.2439771882 0.2436517613 0.05515252569 0.9484991939 0.4259511504 0.960985518 0.28360174 0.494444879 0.1350813895 0.3129135986 0.138852317 0.6908909933 0.8049246179 0.3680529834 0.8664913698 0.1204529168 0.4521721771 0.6577809065 0.3236954083 
84 0.02894174076 0.3487278211 0.06848871013 0.08975109043 0.4465768665 0.6173957571 0.570488802 0.2052944974 0.3846179151 0.2732989258 0.3350467181 0.1301903185 0.1086832141 0.638779511 0.9672420728 0.4375173279 0.353730451 0.1476902045 0.2292671428 
85 0.2000840019 0.2928693734 0.2555580797 0.1646454051 0.1953234697 0.8015548097 0.7316865896 0.4565122279 0.6010137618 0.2382938886 0.005386103413 0.5242400591 0.9026731411 0.2274816983 0.2849026161 0.3582683058 0.4154160202 0.8970508654 0.7338949841 
86 0.07221254231 0.5729980034 0.3774426344 0.6783559339 0.1281818743 0.3527621349 0.8732014326 0.8964773528 0.09486816688 0.4492807865 0.0621793317 0.0480278265 0.20367991 0.2482477819 0.3004701255 0.001399879344 0.5277721428 0.2664039998 0.4520241234 
87 0.1679397267 0.169441585 0.8047198056 0.9257731656 0.4695945729 0.4759865531 0.9059981545 0.1109826747 0.285813538 0.6681335874 0.3212038005 0.4722755675 0.5354623164 0.5151513147 0.1481457814 0.8861485496 0.4986725112 0.1888956573 0.7693119202 
88 0.151622264 0.825442241 0.2077437789 0.5496923349 0.6790720465 0.1638855763 0.4248802217 0.9618858425 0.41535451 0.8632500972 0.644383577 0.154778617 0.3642166021 0.3884316857 0.3713414242 0.135317131 0.2750208626 0.275637583 0.6408575511 
89 0.0459833342 0.892860996 0.3147601314 0.1735291519 0.5044561166 0.3939514805 0.1425320972 0.5369583483 0.6589591399 0.1262644842 0.1271858216 0.6121035044 0.623598683 0.8230649213 0.2521329854 0.5990854947 0.8299092421 0.2846327272 0.8222455577 
90 0.07780661952 0.4810884276 0.6532024237 0.3731345275 0.2720041835 0.5743122271 0.4656011097 0.3578499003 0.3832745396 0.6951862558 0.9954016251 0.7151122776 0.8920502895 0.6892156045 0.6466654505 0.5062263298 0.1459255256 0.5703094963 0.1917040558 
91 0.06380745412 0.9700666601 0.9103557951 0.3498488024 0.9088213383 0.560232465 0.8270384259 0.03482362536 0.2806715054 0.2459910597 0.3717402692 0.8387041445 0.1005567303 0.0569668175 0.4413017004 0.9576786053 0.7043195631 0.4988968701 0.9596951511 
92 0.1317191094 0.5964038147 0.7589130633 0.05185542025 0.5340481799 0.7477592247 0.5892900292 0.1975203958 0.7252927631 0.9954690724 0.8486992539 0.08836052198 0.07529297754 0.4490735067 0.5784275832 0.6323916589 0.6066112349 0.3150246969 0.6200808467 
93 0.08893318611 0.6987896565 0.5577565886 0.214984405 0.2428940722 0.3206714444 0.5249667445 0.116074557 0.8650795756 0.3924274642 0.528390785 0.6639233938 0.5604792352 0.9745054194 0.5125832742 0.9870889303 0.003651912791 0.3776982871 0.9751109211 
94 0 0.689250354 0.2307004301 0.3821287255 0.4374890078 0.8777541518 0.4140287016 0.5803872075 0.5677961849 0.9504803838 0.7238104896 0.08289915327 0.2860690291 0.9621728244 0.2386597946 0.155167061 0.8927938318 0.1859315877 0.9521941105 
95 0.07930046779 0.5264146382 0.4508236337 0.9928111904 0.1776775025 0.2257840597 0.7526916991 0.4893863837 0.1169503751 0.5849540106 0.322056072 0.7964018145 0.1252956768 0.8444402301 0.5069472233 0.2619825607 0.1408984489 0.08023144215 0.4498482754 
96 0.07018085788 0.5999642362 0.5989176233 0.008495297753 0.7804693276 0.347988926 0.6498798922 0.5313480992 0.3675040646 0.640814245 0.1650164813 0.4320006051 0.634170336 0.5008373677 0.5736393861 0.1571627712 0.4346950173 0.9191551031 0.2398180851 
97 0.06843015905 0.6225562206 0.302399025 0.4204127353 0.8768418175 0.08042604201 0.7204879889 0.2416292654 0.06306292772 0.8986261072 0.2089838731 0.391955435 0.5949959259 0.09652736974 0.3355031849 0.8020279169 0.6831994935 0.5338878033 0.05231069357 
98 0 0.1858267939 0.1909244932 0.8679575356 0.7623008968 0.9911727416 0.6402685557 0.9936152273 0.6911249425 0.7369081866 0.2158916864 0.4915727989 0.8640315215 0.7777825258 0.1909105117 0.6329707986 0.3402118982 0.9413738358 0.6700575541 
99 0.06998060173 0.6573119269 0.4415554416 0.2223063466 0.3027677151 0.6169875546 0.7098308982 0.1279058927 0.7143391714 0.8984537748 0.3125933112 0.7557816239 0.4217526659 0.3970550077 0.3035144519 0.1673924309 0.3645862203 0.600604459 0.3591422743 
