94 100 18 0 0
0 0.5673954737 0.6993821015 0.6561649588 0.0536487063 0.9168545577 0.2464840357 0.8046302503 0.6658210088 0.2168195637 1 0.7184443141 1 0.8385334949 0.9228123927 0.9179829705 0.4897920492 1 0.5661287857 0.4543895716 
1 0.5670950657 0.7327540535 0.8759392562 0.0186721328 1 0.08413216854 0.7836586009 0.8060151463 0 0.8425586974 0.7705723878 1 0.7750880135 0.9529061002 0.803897095 0.6597129275 1 0.5301434297 0.4793406576 
2 0.5603809464 0.7450109143 0.1493530347 0.1881313576 0.779804102 0.2056513152 1 0.7953074094 0 0.6690787716 0.7757772091 0.5387001079 0.4892879619 0.8233381743 0.6727300806 0.5308248212 1 0.6918961296 0.6780093703 
3 0.557638274 0.8613929531 0.08127236374 0.3511942646 0.9287620597 0 0.992928706 0.8796980947 0.09013000797 0.54075521 1 0.4896957708 0.5117540299 0.8697907607 0.8871215125 0.5016324024 0.9837765849 0.877016 0.7037440602 
4 0.557638274 0.8613929531 0.08127236374 0.3511942646 0.9287620597 0 0.992928706 0.8796980947 0.09013000797 0.54075521 1 0.4896957708 0.5117540299 0.8697907607 0.8871215125 0.5016324024 0.9837765849 0.877016 0.7037440602 
5 0.5576244806 0.8609921345 0.2143825464 0.2085725569 0.9250415148 0.05659264528 1 0.7959556189 0.506329089 0.6138286132 1 0.1979282639 0.340870047 0.9266377265 1 0.4477508533 1 0.9628218282 0.8063212478 
6 0.02809324301 0.92322516 0.01894882769 0.2903678624 1 0 1 0.8071450695 0.008394512783 0.4488652262 1 0.52193225 0.5117540299 0.8486262735 0.7302176195 0.5035179649 0.9841049177 0.9140259601 0.8823413418 
7 0 0.964851245 0.04749679683 0.300799523 1 0.1184072778 0.992928706 0.8362684209 0 0.4488652262 1 0.4815221997 0.5117540299 0.7323277691 0.7302176195 0.5577097896 0.9217170591 0.9140259601 0.9459567841 
8 0.06888996671 0.5617840313 0.6561649588 0 1 0.2464840357 0.9244298272 0.6658210088 0.3949642768 1 0.5102106511 1 0.804556871 0.9228123927 0.9179829705 0.4897920492 1 0.6327388036 0.4543895716 
9 0 0.9975243153 0.1937217307 0.3982167775 0.8276418127 0.07322614597 0.765237686 0.8644445801 0.02186260763 0.7973411632 0.9095775643 0.1560895759 0.2486671777 0.6667158438 0.8951943929 0.3668615962 0.7677373935 0.6461873572 0.7709970228 
10 0.02289740045 0.92322516 0.08127236374 0.300799523 1 0 0.992928706 0.8362684209 0.06826002364 0.4488652262 1 0.4940170559 0.5117540299 0.7323277691 0.7302176195 0.5035179649 0.9217170591 0.9140259601 0.8427295313 
11 0.2104293931 0.1614980392 0.5930444287 0 1 0.6209294605 1 0.3461342166 0.05166286121 0.3464973116 0.1069418633 1 0.07802984624 1 0.3632785104 0.9843163966 0.7425772533 0.9412992795 0.8946507743 
12 0.5526496006 0.8609921345 0.1558833912 0.1020627126 0.9737745535 0.1584763579 0.8142830986 0.7736597577 0.4526168199 0.7538650692 1 0.2516773727 0.3085601865 1 0.9416239625 0.3547386216 0.9999333795 0.901323611 0.777018727 
13 0.1697807199 0 0.622201698 0 1 0.8232336686 0.8594521277 0 0 0.7816440248 0.03081042958 1 0.4124012617 0.389828286 0.1398747005 0.9309304211 0.7910052723 1 0.7933992911 
14 0 0.8461051331 0.3102786951 0.30548573 0.9057545218 0 0.9330908089 0.8604028269 0.002840271466 0.5566246627 1 0.342021119 0.5497024426 0.9173801765 0.8365006727 0.3788449738 0.9568231042 0.8459739256 0.6316210002 
15 0.2057121158 0.2101233503 0.6203824078 0 1 0.7024353866 1 0.376309965 0.08116338047 0.3464973116 0.1156784203 1 0 0.9071588407 0.09086212696 0.883808549 0.756296484 0.9675538177 0.8946507743 
16 0.2068177553 0.05564670632 0.8162032444 0 0.956382148 0.7520442106 0.9573590553 0.1042283131 0.08415412274 0.5016764185 0.0974639668 0.9187038467 0.2517043372 0.2641230355 0.006440681614 0.7086429697 0.8524553477 0.9280775723 0.8908849041 
17 0.2419001573 0.06789328363 0.757651909 0 0.8559277187 0.6990637174 0.9461508832 0.02763791739 0.01972581401 0.6415176195 0 1 0.3025967687 0.3092150047 0.01238290602 0.7284691575 0.7161560396 0.9278278517 0.8456060973 
18 0.5521437111 0.8613929531 0.1585407815 0.4757380824 0.9057545218 0 1 0.8796980947 0 0.5566246627 1 0.2957128627 0.5117540299 0.8681071588 0.8038815853 0.507836604 0.9837765849 0.877016 0.6316210002 
19 0.2089799875 0.8776119336 0.2849194855 0.1151818288 0.9142890833 0.396663059 0.9821466194 0.7908734534 0.881029994 1 0.888564805 0.4615674535 0 1 0.8355426273 0.5470140962 0.9791579596 0.5038854893 0.2891660738 
20 0.2343627976 0 0.7575340496 0 0.9494352395 0.6741773032 0.8260180094 0.1630930923 0.01352703847 0.5816541097 0 1 0.06404767762 0.4998078862 0.1391586594 0.5836060987 1 0.9674283044 0.9334405057 
21 0.2521590098 0.7897544573 0.08127236374 0.300799523 1 0 0.9774703307 0.8658347478 0.1770964107 0.4283372384 0.944691587 0.4940170559 0.5506251789 0.8664726157 0.7302176195 0.578528648 0.9217170591 0.9372262469 0.828126056 
22 0.1901585601 0.9046730229 0 0.4409770928 0.8529211752 0.1606773038 1 0.8191241279 0.2203481859 0.5296669901 0.7413028295 0.5565668134 0.2575103912 0.7853863568 0.8871215125 0.5016324024 0.868495417 0.877016 0.5129475545 
23 0.1344938227 0.8613929531 0.04149776928 0.3386231785 0.8973099072 0 1 1 0.09013000797 0.5512811955 1 0.584621962 0.4767852637 1 0.8456517659 0.5016324024 0.9642082833 0.8768327108 0.7443008623 
24 0.2587576555 0.7863270273 0.1585407815 0.6587650948 0.9482359669 0 1 0.8796980947 0.0281877621 0.4729885567 1 0.3190471873 0.5117540299 0.8840730828 0.8038815853 0.409335814 0.9837765849 0.877016 0.6919961437 
25 0.03333923557 0.874893037 0.2100494054 0.1551632304 1 0.1291534153 1 0.6673822133 0.09801195208 0.7434009851 1 0.08991742959 0.33796102 1 0.9577265531 0.5884966028 0.9954505881 0.9525808044 0.7996934995 
26 0.5437126296 0.8613929531 0.08127236374 0.1300736163 0.9774950984 0 0.8072118046 0.8796980947 0.04767827756 0.54075521 1 0.5434448796 0.5117540299 0.9364345805 0.8506464036 0.4279284664 0.905439426 0.7641367121 0.6744415393 
27 0.2126978216 0.0844350692 0.6562964456 0 0.9299562811 1 0.7638338901 0.1927308419 0.1279195535 0.4034980909 0 0.7420135443 0.1219159476 0.9982130604 0.3392512534 0.2897620316 0.8791448206 0.7213297482 0.9150776137 
28 0.1752618017 0.8380278323 0 0.300799523 0.97462814 0 1 0.8658347478 0.07387553064 0.4283372384 0.6920606902 0.4464827348 0.5506251789 0.7737420097 0.7637935047 0.578528648 0.9248245065 0.7443815161 0.8190061651 
29 0.1208788098 1 0.5925561068 0 0.8258199095 0.1152612296 1 0.7321008768 0.546265731 0.4618555615 0.5908691908 0 0.2327014553 0.9670180625 0.8763376672 0.3929275044 1 0.8661218416 0.9876209597 
30 0.1938198685 0.1257928655 0.8720933247 0 0.8559277187 0.7520442106 0.9253213853 0.05527583478 0.1427876202 0.6173287159 0.124906432 1 0.1573497538 0.2641230355 0 0.6835806506 0.7923362575 0.8556557034 0.7846166353 
31 0.2447637343 0.002957036348 0.6445021639 0 0.9521622893 0.9111840397 0.7126631317 0.1146152208 0.1279195535 0.3771533184 0.03848549202 0.8666895438 0.2074956347 0.9602094799 0.3556845576 0.5211684641 1 0.8496949438 0.7814785418 
32 0.2087473938 0.9751759549 0.09955013324 0.06026312993 0.7415854297 0.3223373964 1 0.8022736667 0.4153446563 0.7851151586 0.7895670702 0.4562050255 0 1 0.6894025831 0.444967648 0.9791579596 0.9470007673 0.7210381761 
33 0.240118036 0.7626083568 0.6371375862 0.08114076222 0.7921251245 0.1418844292 0.9565783823 0.9937298558 0.2340968632 0.4738367683 1 0.2899968613 0.2230909564 0.9922575523 0.6480225208 0.1511784654 1 0.9892503509 1 
34 0.2438209136 0.223345709 0.7821442107 0.1513885338 1 0.5180101577 0.8247341171 0.3708190719 0 0.3447323733 0.002801749536 0.9366021238 0.2173385215 0.4852174464 0.3422756298 0.859587534 0.9719478372 0.7560425539 1 
35 0.2402495431 1 0.2143825464 0.09306463188 0.9214953309 0.1718538749 1 0.7893567549 0.506329089 0.3632251926 1 0.1979282639 0.340870047 0.893655789 1 0.4477508533 1 0.8661218416 0.8063212478 
36 0.1436296398 0.3839468863 0.9582071093 0.312385876 0.9271066727 0.7762926573 0.4676459208 0.2858431154 0 0 0.09794673469 1 0.0487825092 0.8122822736 0.3083389692 0.6859726396 1 0.6668247331 0.6653720908 
37 0.2114361387 0.02216212908 0.5973766346 0 1 1 0.9940513332 0.2627176196 0.03218685403 0.1161178404 0.184532387 1 0.204176283 0.770089912 0 0.6420361107 1 0.5247389948 0.6304600482 
38 0.2434260551 0 0.6081031075 0.07031041536 0.7745593989 0.8645451871 0.7900684414 0 0 0.6754168657 0.03081042958 1 0.4872023124 1 0.2883628629 0.3517903184 0.671445599 1 1 
39 0.02274607179 0.8797256853 0.4266933515 0.07232966628 0.8534125994 0.01050667252 0.9734423715 0.7349022918 0.539350491 0.8350224965 0.9010355258 0.03178433543 0.409147117 0.9191925085 0.9916380404 0.300769196 0.8849864045 1 0.7825629708 
40 0.4393637595 0.8268501393 0.007284560148 0.4409770928 0.8529211752 0.04466213572 1 0.8719422855 0.1579483484 0.54075521 1 0.4287898885 0.4365884213 0.7853863568 0.8871215125 0.5016324024 1 0.877016 0.6042258025 
41 0.02350373213 0.836192788 0.06016329985 0.2686389689 1 0 0.9094603423 0.8206188413 0.1557948997 0.6901200777 0.8756383555 0.5112206798 0.7082929866 0.9096205306 0.8871215125 0.4390399096 0.953319917 1 0.7037440602 
42 0.1294298676 0.1614980392 0.6278095034 0.04217688666 1 0.5627401212 1 0.278657835 0.1056733286 0.389416619 0.3962331712 0.9811746946 0.02601695283 0.7356897702 0.3073383174 0.6797697427 0.8814288022 0.9675538177 0.956318113 
43 0.2595147344 0.7863270273 0.1585407815 0.7861681287 0.9723014741 0.1371411852 1 0.9802838171 0 0.5610699752 0.9948007802 0.382825828 0.5821727768 0.6695755062 0.819732504 0.409335814 1 0.8991142631 0.6102336702 
44 0.2556927321 0 0.5921037705 0 0.9521622893 0.7510006736 0.7865441907 0.1146152208 0.01899238487 0.6059059645 0 1 0.2656234512 1 0.3983801839 0.7633802555 0.9834068354 1 0.8809073365 
45 0.5524748583 0.8613929531 0 0.3591116589 0.8575241195 0 0.992928706 0.835133593 0.2306099365 0.54075521 1 0.5552239803 0.3678926711 0.7852129501 0.9638012969 0.5016324024 0.9841429865 1 0.7238375523 
46 0.2194086882 1 0.3051550212 0.1262065303 0.9941860984 0.3702494789 1 1 0.7632703159 1 0.950308631 0.639346373 0.03450131816 1 0.8565128049 0.5470140962 0.9094718623 0.6674151841 0.2104208052 
47 0.07698462227 0.5264026644 0.404327906 0 0.8344264486 0.8633851654 0.859353648 0.1394555777 0.1376521903 0.4831857523 0 0.9070875369 0.1195565068 0.8600406571 0.155688282 0.8213748875 0.9391567895 1 0.693887091 
48 0 0.01694402305 0.4824566338 0 1 0.9264011731 1 0.1572619248 0.1940360579 0.7479865663 0.143323483 1 0.3142961376 0.8009330776 0 0.6111866925 0.7345309556 0.7826057035 0.733591429 
49 0.2324598051 0.06673763489 0.7042823479 0 1 0.9243252405 1 0.2059013066 0 0.2129360476 0.005052163027 0.9201438234 0.1143826944 0.8285867378 0.05253949717 0.6348361259 1 0.7728352999 0.9998913714 
50 0.2370335274 0.9884238435 0.2143825464 0.1713916814 1 0.1145270137 1 0.7521655895 0.63091248 0.6138286132 1 0.1979282639 0.340870047 0.9266377265 1 0.4527195779 1 0.9356491801 0.7987976782 
51 0.432018364 0.8172211771 0 0.1932514027 0.9964538161 0.1314713634 0.8834683567 0.7878056568 0 0.3149024494 0.9260000376 0.3187857901 0.2407183089 0.9346717485 0.9854570358 0.5743437088 0.9695668633 0.8612235017 0.8614980722 
52 0.1870844975 0.8181360775 0.2325719412 0.4472319445 1 0.03645754647 0.9232849365 0.8834142404 0.2845222828 0.54075521 1 0.4231558222 0.5117540299 0.6913705554 1 0.4239308284 0.9837765849 0.867569156 0.6440287552 
53 0.2374111419 1 0.01810039258 0.1770823936 0.9964538161 0.1549197615 0.949178788 0.8039659057 0 0.345931449 1 0.2755071006 0.5465057389 0.8524855096 0.9854570358 0.641726413 0.9695668633 0.7644968005 0.7090436436 
54 0.240291896 0.2364968956 0.7138963989 0 0.9934684256 0.6880803267 0.9346924361 0.07030663577 0 0.5433522749 0 1 0.1648045668 0.5825405087 0.1234488203 0.6577451438 0.9336092595 0.9930926663 0.9557600188 
55 0.02844559897 0.8287216501 0.007653047457 0.1600434297 1 0.003710334361 0.7923679414 0.7277311506 0.009631651987 0.3594656787 0.8603020751 0.3339075995 0.5219428592 0.8989375838 1 0.4510020661 1 0.7644968005 0.7804111481 
56 0.2152762292 0.09231449686 0.4513998596 0 0.9542030362 1 0.8413778622 0.04428122859 0.08791153871 0.6694053762 0.143323483 1 0.2833679338 0.6549202471 0.03731431776 0.3882061578 0.8614631587 0.8172435502 0.6944931489 
57 0.4442734879 0.8613929531 0.08127236374 0.3591116589 0.8575241195 0 0.992928706 0.8013231419 0.1802600159 0.54075521 1 0.4896957708 0.3678926711 0.8697907607 0.9638012969 0.5016324024 1 1 0.6995870552 
58 0.2407809135 1 0.1791952862 0.2120330065 0.9303171599 0.01708140054 1 0.5775382886 0.6488808518 0.6073862706 1 0.2395715065 0.340870047 0.9345509498 1 0.3672359942 1 0.8702160966 0.7761885631 
59 0.1900063312 0.6589850183 0.200158543 0.03609315208 0.8443568912 0.2056513152 1 0.9684004134 0.01085530093 0.5572568633 0.7232613154 0.5387831099 0.4892879619 0.6917827577 0.6882328192 0.5308248212 1 0.6219728552 0.6780093703 
60 0 0.8181360775 0.1305536592 0.4834393661 0.9456171834 0 0.8086300413 0.6513349872 0.4049018214 0.4224993013 1 0.4190679111 0.6477898326 0.6913705554 1 0.3895475172 0.9837765849 0.6202738543 0.7857089405 
61 0.1897651575 0.3161611307 0.6532579093 0 0.9904700342 0.9399814634 0.928154862 0.4125973343 0.1109751069 0.3077986672 0.1206392372 0.8209483692 0.0151449672 0.8239265412 0.1887438039 0.593702128 1 0.9551006982 0.7547065989 
62 0.2544419414 0.7897544573 0 0.2033093827 1 0 0.861447108 1 0.1770964107 0.4028939277 0.944691587 0.4940170559 0.5232716216 0.8664726157 0.7302176195 0.578528648 0.9217170591 0.9372262469 0.828126056 
63 0 0.09231449686 0.52965361 0.003896467663 1 0.9828465312 1 0.320123874 0.1935877757 0.7674511431 0.1587701513 0.9975378272 0.3937233658 0.5748369133 0.03399627545 0.4407296831 0.7449659901 0.7334627206 0.8877517396 
64 0.0253644514 0.8822878142 0.2040632883 0.2085725569 1 0.03618343565 1 0.8239010275 0.4515970934 0.6138286132 1 0.2504962583 0.2715989793 0.9266377265 1 0.4477508533 1 0.9712412548 0.8063212478 
65 0.2550803463 0.000692482016 0.536233849 0 0.786205905 0.9897228105 0.6011667035 0 0 0.7572373507 0.03081042958 1 0.5452176059 0.8506735957 0.2158075031 0.4268813025 0.747136201 1 0.8563312241 
66 0 0.0491547114 0.6565587378 0.1513885338 1 0.7646492228 1 0.2768732114 0.1461498772 0.5941982444 0 1 0.02713258618 0.5094056557 0.3437214958 0.8956889847 0.9489796762 1 1 
67 0 0.787143837 0.1468845954 0.1921502333 0.8381288739 0.09554656775 0.9685826761 0.7387740159 0 0.4973381835 0.7809841201 0.4926172148 0.263322283 0.7022560943 0.7220217454 0.3464567535 0.5552174518 1 0.8804626468 
68 0.2115737503 0.1200875703 0.05760793706 0 0.8969311473 0.2439210021 0.9340393404 0.03344703424 0.03930128064 0.7142411783 0 0.8828406722 0 0.8077353932 0.6051591702 0.1296603634 1 1 1 
69 0.1051356599 0.5537362477 0.2167938418 0.2203981697 0.9168545577 0.2161988118 0.8998130186 0.9603259991 0.1943612188 0.3967149991 1 0.4105908896 0.3232622052 1 0.7749787594 0 0.9771248365 0.9075444058 1 
70 0.1983337796 0.7048669386 0.09362947733 0.3945329283 0.9400570834 0.1682788784 0.9088995847 1 0.1691054057 0.4025490126 0.9845242007 0.1110967216 0.2966220792 1 0.9192818731 0 0.8302753363 0.8791166042 0.9487115466 
71 0 0 0.6888380112 0 1 0.6208402345 0.8629842908 0.3775300249 0.08868650292 0.4387123094 0 1 0.02589061819 0.7691956049 0 0.926387589 0.8325087305 0.9938083558 0.6753882523 
72 0.2114877658 0.2762054137 0.4380772394 0.005299277615 1 1 1 0.1016407526 0.2211840987 0.6251876988 0 1 0.1458386451 0.8083439173 0 0.6598084931 0.9138534685 1 0.7893806551 
73 0.2598618776 0 0.5973766346 0 1 0.8824942721 1 0.2059013066 0 0.239407095 0.06256422318 1 0.2644714894 0.7254912189 0 0.7724542954 0.9918546142 0.849698131 0.800118064 
74 0.5485754567 0.8609921345 0.2297626881 0.05304974355 0.9250415148 0.1388611153 0.8770929266 0.7333995707 0.3536758767 0.7363921276 1 0.1979282639 0.340870047 0.8197256839 0.9129436731 0.4578266777 0.9461781519 0.9390356576 0.8063212478 
75 0.1637161113 0.8220706601 0 0.3591116589 0.9185134304 0.1381080126 1 0.7670581201 0.04077386982 0.578521115 0.6689521527 0.537616519 0.2700351677 0.8232653582 0.8791524258 0.5308248212 0.8761278897 1 0.5336134881 
76 0.2503294834 0.008880222249 0.7990635384 0.08718649836 0.9277932488 0.6515379709 1 0.1064476008 0.1002265029 0.2534921351 0 0.8922541437 0 0.7689024102 0.09274739416 0.3734010311 0.9350496432 0.9229704546 1 
77 0.2507699854 0.7809881289 0.1558385564 0.3473900046 0.9306975574 0.04731648857 1 1 0.600107929 0.6243545988 1 0.2928544551 0.2801981127 0.8778631449 1 0.463088263 0.9876975435 1 0.84687805 
78 0.2414394478 1 0.1715003265 0.1600434297 0.9964538161 0.1152612296 0.7006714007 0.7631357958 0 0.3506793483 1 0.2438333555 0.4653597713 0.8989375838 1 0.641726413 0.9695668633 0.66573342 0.5504112712 
79 0.2046147298 0.7096818755 0.1165414624 0.1971441942 1 0 0.7669367134 0.4852420802 0.04246089296 0.7442771234 0.9720410345 0.07603762112 0.3968378921 0.999064017 1 0.6143147385 1 0.8611967872 1 
80 0.2098145907 0.1167541614 0.712988045 0.005299277615 0.9280298017 1 0.5967241218 0.2266479254 0.3860846355 0.4099337377 0 0.9124475865 0.2782333997 1 0.354486488 0.3826090269 0.9020641675 0.7994326656 0.6863650914 
81 0.2083127436 1 0.7230567432 0 0.8201600749 0.1152612296 0.9542049306 0.7730699761 0.6889914889 0.4379586901 0.7954345954 0.06590438232 0.2413660223 0.9204972808 0.8751395976 0.3224040373 0.9155965475 0.8661218416 0.9714539968 
82 0.2627808492 0 0.4050866703 0 0.900009238 0.5379741144 1 0.2139059159 0.02705742021 0.2853520237 0 0.9712023978 0.03650213974 0.6087106095 0.0323961571 0.8701391908 0.9601738692 1 0.9729281685 
83 0.1593563133 0.7019199665 0.1182159763 0 0.9372336333 0.03065094806 0.9988126589 0.963368973 0.5125107017 0.6144577342 0.6571211652 0.4284515317 0.1035592681 1 0.7816032323 0.5031882209 0.6898860334 0.9363840008 0.9407853523 
84 0.4169101486 0.8100966488 0.2245141281 0.1547988351 0.9305110971 0.1117022736 1 0.8721707999 0.5348838668 1 0.9104987339 0.4510705848 0.3840806866 1 0.9348643233 0.2756027695 0.9355128061 0.9777843303 0.8119581966 
85 0.2286120978 0.07143698883 0.6862950546 0 0.9521622893 1 0.7641978937 0.08772053184 0.1279195535 0.3900579349 0 0.8085091924 0.1180688792 0.7903557878 0.3556845576 0.2156703246 0.931774491 0.6354544189 0.790160124 
86 0.1957101092 0.6938588157 0 0.2877987285 0.8829901832 0.2358131551 0.8663415538 0.893679014 0.226718719 0.1330993909 0.9273386092 0.2078243 0 1 0.6768493346 0.133430006 0.9150084812 0.8172153997 1 
87 0.205196171 0.6873048271 0.1493530347 0.09439649511 0.779804102 0.1429048625 1 0.9339482022 0.01904976341 0.8382687636 0.7766808149 0.5387001079 0.5220887197 0.9799872454 0.6727300806 0.5711412814 0.8830826181 0.7148953835 0.6889129467 
88 0.2725009037 0 1 0.175623253 0.8292701656 0.9755292845 0.7647068271 0.3075321487 0 0.1308508908 0 0.7470353425 0 0.4334087731 0.3691880204 0.4284961819 0.9658872455 0.4639020827 0.6520530032 
89 0.1852862049 0.6786369495 0.677747306 0.20476705 0.8518780553 0.1418844292 0.9565783823 0.9930720268 0.118934912 0.2144362264 0.868111566 0.3396055898 0.2826339049 1 0.7472776132 0 1 0.9972309864 1 
90 0.02309570751 0.8785455583 0.1830842293 0.3511942646 0.9951566582 0.04779414262 0.8559216876 0.8796980947 0.09013000797 0.3444265853 0.9272786728 0.3594672342 0.5117540299 1 0.864945121 0.5682868172 0.9145090129 0.877016 0.5932984827 
91 0.07562105931 0.6660101495 0.4897203808 0.0536487063 1 0.3246891931 0.8256018996 0.5225496369 0.2586937967 1 0.4060055204 1 0.7659431737 0.8456247853 0.9179829705 0.5143140432 1 0.7196240757 0.4602067606 
92 0 0 0.717338743 0 1 0.735526087 0.9507922597 0.1163484709 0.1504121254 0.5017970595 0.09441811136 0.8085091924 0.2646874439 0.2713217768 0.1952857653 0.9349491845 0.7555456341 0.8072050775 0.6662686295 
93 0 0 0.8335510556 0.1768563308 1 0.7120476513 0.9416640617 0.2575541653 0.1230585479 0.2534921351 0.1544764486 1 0.1718506325 0.7174879351 0.2509145216 0.5127564852 0.9132575751 0.8974122224 1 
94 0.2058512467 0.186186666 0.5065703412 0.004508931973 1 0.6628205397 1 0.376309965 0.02458268055 0.2462774322 0 1 0.07802984624 1 0.2310609342 0.9259691636 0.7930743656 1 0.9713256963 
95 0.08842981186 0.006279189 0.7435533186 0.125685667 0.7371195838 1 0.6184702179 0.02763791739 0 0.6499721293 0.06245321602 1 0.1672688777 0.9009173889 0.2130167076 0.3596172231 0.7260543773 0.9535241197 0.9606699628 
96 0.2394828316 1 0.2628669105 0.1409839375 0.7310939015 0 0.878357199 0.9745445396 0.506329089 0.6051409734 1 0.2928544551 0.344255027 1 1 0.5773289819 0.971040787 1 0.7120240331 
97 0.03040329092 0.8609921345 0.01810039258 0.1600434297 0.9964538161 0.1152612296 0.9811209214 0.5777478319 0 0.2284174178 1 0.2755071006 0.4653597713 0.9012764978 1 0.7231830719 1 0.8752589875 0.5915492271 
98 0.5483478999 0.8251837232 0.2676701992 0.1187370338 1 0 0.8834683567 0.6673822133 0.08492178591 0.6951652385 0.9720410345 0 0.3571911796 1 0.9299960703 0.586903064 1 0.8611967872 0.8903433555 
99 0.2374304173 0.7603131556 0.452426312 0 0.8066492306 0.1060934126 1 1 0.3546183873 0.4725174753 0.9965521813 0.1582406168 0.1249969538 0.829791251 0.5880895086 0.5276204068 0.8761375373 0.9161545658 1 
